[INFO] [2019-09-23 10:22:13][com.mchange.v2.log.MLog]MLog clients using log4j logging.
[INFO] [2019-09-23 10:22:13][com.mchange.v2.c3p0.C3P0Registry]Initializing c3p0-0.9.1.2 [built 21-May-2007 15:04:56; debug? true; trace: 10]
[INFO] [2019-09-23 10:22:14][CDtest.test.TestNg]测试通过枚举类型引入数据成功
[INFO] [2019-09-23 10:22:14][CDtest.test.TestNg]测试通过静态变量引入数据成功
[INFO] [2019-09-23 10:22:14][com.mchange.v2.c3p0.impl.AbstractPoolBackedDataSource]Initializing c3p0 pool... com.mchange.v2.c3p0.ComboPooledDataSource [ acquireIncrement -> 3, acquireRetryAttempts -> 30, acquireRetryDelay -> 1000, autoCommitOnClose -> false, automaticTestTable -> null, breakAfterAcquireFailure -> false, checkoutTimeout -> 0, connectionCustomizerClassName -> null, connectionTesterClassName -> com.mchange.v2.c3p0.impl.DefaultConnectionTester, dataSourceName -> 1hge6zna5pi87ct14jbloe|1600a8a2, debugUnreturnedConnectionStackTraces -> false, description -> null, driverClass -> com.mysql.jdbc.Driver, factoryClassLocation -> null, forceIgnoreUnresolvedTransactions -> false, identityToken -> 1hge6zna5pi87ct14jbloe|1600a8a2, idleConnectionTestPeriod -> 0, initialPoolSize -> 5, jdbcUrl -> jdbc:mysql://rm-bp1710pt8uc479581go.mysql.rds.aliyuncs.com:3306/koala?characterEncoding=utf8&useSSL=true&nullCatalogMeansCurrent=true, maxAdministrativeTaskTime -> 0, maxConnectionAge -> 0, maxIdleTime -> 0, maxIdleTimeExcessConnections -> 0, maxPoolSize -> 10, maxStatements -> 0, maxStatementsPerConnection -> 0, minPoolSize -> 3, numHelperThreads -> 3, numThreadsAwaitingCheckoutDefaultUser -> 0, preferredTestQuery -> null, properties -> {user=******, password=******}, propertyCycle -> 0, testConnectionOnCheckin -> false, testConnectionOnCheckout -> false, unreturnedConnectionTimeout -> 0, usesTraditionalReflectiveProxies -> false ]
[INFO] [2019-09-23 10:22:14][CDtest.test.TestNgJdbc]This is log test
[INFO] [2019-09-23 10:37:31][com.mchange.v2.log.MLog]MLog clients using log4j logging.
[INFO] [2019-09-23 10:37:31][com.mchange.v2.c3p0.C3P0Registry]Initializing c3p0-0.9.1.2 [built 21-May-2007 15:04:56; debug? true; trace: 10]
[INFO] [2019-09-23 10:37:32][CDtest.test.TestNg]测试通过枚举类型引入数据成功
[INFO] [2019-09-23 10:37:32][CDtest.test.TestNg]测试通过静态变量引入数据成功
[INFO] [2019-09-23 10:37:32][com.mchange.v2.c3p0.impl.AbstractPoolBackedDataSource]Initializing c3p0 pool... com.mchange.v2.c3p0.ComboPooledDataSource [ acquireIncrement -> 3, acquireRetryAttempts -> 30, acquireRetryDelay -> 1000, autoCommitOnClose -> false, automaticTestTable -> null, breakAfterAcquireFailure -> false, checkoutTimeout -> 0, connectionCustomizerClassName -> null, connectionTesterClassName -> com.mchange.v2.c3p0.impl.DefaultConnectionTester, dataSourceName -> 1hge6zna5pirvr1cdgcd9|3356ff58, debugUnreturnedConnectionStackTraces -> false, description -> null, driverClass -> com.mysql.jdbc.Driver, factoryClassLocation -> null, forceIgnoreUnresolvedTransactions -> false, identityToken -> 1hge6zna5pirvr1cdgcd9|3356ff58, idleConnectionTestPeriod -> 0, initialPoolSize -> 5, jdbcUrl -> jdbc:mysql://rm-bp1710pt8uc479581go.mysql.rds.aliyuncs.com:3306/koala?characterEncoding=utf8&useSSL=true&nullCatalogMeansCurrent=true, maxAdministrativeTaskTime -> 0, maxConnectionAge -> 0, maxIdleTime -> 0, maxIdleTimeExcessConnections -> 0, maxPoolSize -> 10, maxStatements -> 0, maxStatementsPerConnection -> 0, minPoolSize -> 3, numHelperThreads -> 3, numThreadsAwaitingCheckoutDefaultUser -> 0, preferredTestQuery -> null, properties -> {user=******, password=******}, propertyCycle -> 0, testConnectionOnCheckin -> false, testConnectionOnCheckout -> false, unreturnedConnectionTimeout -> 0, usesTraditionalReflectiveProxies -> false ]
[INFO] [2019-09-23 10:37:33][CDtest.test.TestNgJdbc]This is log test
[INFO] [2019-09-23 10:42:00][com.mchange.v2.log.MLog]MLog clients using log4j logging.
[INFO] [2019-09-23 10:42:00][com.mchange.v2.c3p0.C3P0Registry]Initializing c3p0-0.9.1.2 [built 21-May-2007 15:04:56; debug? true; trace: 10]
[INFO] [2019-09-23 10:42:01][CDtest.test.TestNg]测试通过枚举类型引入数据成功
[INFO] [2019-09-23 10:42:34][com.mchange.v2.log.MLog]MLog clients using log4j logging.
[INFO] [2019-09-23 10:42:34][com.mchange.v2.c3p0.C3P0Registry]Initializing c3p0-0.9.1.2 [built 21-May-2007 15:04:56; debug? true; trace: 10]
[INFO] [2019-09-23 10:42:35][CDtest.test.TestNg]默认title is atong,ahua
[INFO] [2019-09-23 10:42:35][CDtest.test.TestNg]测试通过静态变量引入数据成功
[INFO] [2019-09-23 10:42:35][CDtest.test.TestNg]引入变量后title is abc
[INFO] [2019-09-23 10:43:10][com.mchange.v2.log.MLog]MLog clients using log4j logging.
[INFO] [2019-09-23 10:43:10][com.mchange.v2.c3p0.C3P0Registry]Initializing c3p0-0.9.1.2 [built 21-May-2007 15:04:56; debug? true; trace: 10]
[INFO] [2019-09-23 10:43:11][CDtest.test.TestNg]测试通过枚举类型引入数据成功
[INFO] [2019-09-23 10:43:11][CDtest.test.TestNg]默认title is abc
[INFO] [2019-09-23 10:43:11][CDtest.test.TestNg]测试通过静态变量引入数据成功
[INFO] [2019-09-23 10:43:11][CDtest.test.TestNg]引入变量后title is abc
[INFO] [2019-09-23 10:43:11][com.mchange.v2.c3p0.impl.AbstractPoolBackedDataSource]Initializing c3p0 pool... com.mchange.v2.c3p0.ComboPooledDataSource [ acquireIncrement -> 3, acquireRetryAttempts -> 30, acquireRetryDelay -> 1000, autoCommitOnClose -> false, automaticTestTable -> null, breakAfterAcquireFailure -> false, checkoutTimeout -> 0, connectionCustomizerClassName -> null, connectionTesterClassName -> com.mchange.v2.c3p0.impl.DefaultConnectionTester, dataSourceName -> 1hge6zna5piz5jsq5r8ec|48a46b0f, debugUnreturnedConnectionStackTraces -> false, description -> null, driverClass -> com.mysql.jdbc.Driver, factoryClassLocation -> null, forceIgnoreUnresolvedTransactions -> false, identityToken -> 1hge6zna5piz5jsq5r8ec|48a46b0f, idleConnectionTestPeriod -> 0, initialPoolSize -> 5, jdbcUrl -> jdbc:mysql://rm-bp1710pt8uc479581go.mysql.rds.aliyuncs.com:3306/koala?characterEncoding=utf8&useSSL=true&nullCatalogMeansCurrent=true, maxAdministrativeTaskTime -> 0, maxConnectionAge -> 0, maxIdleTime -> 0, maxIdleTimeExcessConnections -> 0, maxPoolSize -> 10, maxStatements -> 0, maxStatementsPerConnection -> 0, minPoolSize -> 3, numHelperThreads -> 3, numThreadsAwaitingCheckoutDefaultUser -> 0, preferredTestQuery -> null, properties -> {user=******, password=******}, propertyCycle -> 0, testConnectionOnCheckin -> false, testConnectionOnCheckout -> false, unreturnedConnectionTimeout -> 0, usesTraditionalReflectiveProxies -> false ]
[INFO] [2019-09-23 10:43:12][CDtest.test.TestNgJdbc]This is log test
[INFO] [2019-09-23 10:49:47][com.mchange.v2.log.MLog]MLog clients using log4j logging.
[INFO] [2019-09-23 10:49:47][com.mchange.v2.c3p0.C3P0Registry]Initializing c3p0-0.9.1.2 [built 21-May-2007 15:04:56; debug? true; trace: 10]
[INFO] [2019-09-23 10:49:48][CDtest.test.TestNg]测试通过枚举类型引入数据成功
[INFO] [2019-09-23 10:49:48][CDtest.test.TestNg]默认title is abc
[INFO] [2019-09-23 10:49:48][CDtest.test.TestNg]测试通过静态变量引入数据成功
[INFO] [2019-09-23 10:49:48][CDtest.test.TestNg]引入变量后title is abc
[INFO] [2019-09-23 10:49:48][com.mchange.v2.c3p0.impl.AbstractPoolBackedDataSource]Initializing c3p0 pool... com.mchange.v2.c3p0.ComboPooledDataSource [ acquireIncrement -> 3, acquireRetryAttempts -> 30, acquireRetryDelay -> 1000, autoCommitOnClose -> false, automaticTestTable -> null, breakAfterAcquireFailure -> false, checkoutTimeout -> 0, connectionCustomizerClassName -> null, connectionTesterClassName -> com.mchange.v2.c3p0.impl.DefaultConnectionTester, dataSourceName -> 1hge6zna5pj7nmw174pf2e|75527e36, debugUnreturnedConnectionStackTraces -> false, description -> null, driverClass -> com.mysql.jdbc.Driver, factoryClassLocation -> null, forceIgnoreUnresolvedTransactions -> false, identityToken -> 1hge6zna5pj7nmw174pf2e|75527e36, idleConnectionTestPeriod -> 0, initialPoolSize -> 5, jdbcUrl -> jdbc:mysql://rm-bp1710pt8uc479581go.mysql.rds.aliyuncs.com:3306/koala?characterEncoding=utf8&useSSL=true&nullCatalogMeansCurrent=true, maxAdministrativeTaskTime -> 0, maxConnectionAge -> 0, maxIdleTime -> 0, maxIdleTimeExcessConnections -> 0, maxPoolSize -> 10, maxStatements -> 0, maxStatementsPerConnection -> 0, minPoolSize -> 3, numHelperThreads -> 3, numThreadsAwaitingCheckoutDefaultUser -> 0, preferredTestQuery -> null, properties -> {user=******, password=******}, propertyCycle -> 0, testConnectionOnCheckin -> false, testConnectionOnCheckout -> false, unreturnedConnectionTimeout -> 0, usesTraditionalReflectiveProxies -> false ]
[INFO] [2019-09-23 10:49:49][CDtest.test.TestNgJdbc]This is log test
[INFO] [2019-09-23 11:46:12][com.mchange.v2.log.MLog]MLog clients using log4j logging.
[INFO] [2019-09-23 11:46:12][com.mchange.v2.c3p0.C3P0Registry]Initializing c3p0-0.9.1.2 [built 21-May-2007 15:04:56; debug? true; trace: 10]
[INFO] [2019-09-23 11:46:12][CDtest.test.TestNg]测试通过枚举类型引入数据成功
[INFO] [2019-09-23 11:46:12][CDtest.test.TestNg]默认title is abc
[INFO] [2019-09-23 11:46:12][CDtest.test.TestNg]测试通过静态变量引入数据成功
[INFO] [2019-09-23 11:46:12][CDtest.test.TestNg]引入变量后title is abc
[INFO] [2019-09-23 11:46:13][com.mchange.v2.c3p0.impl.AbstractPoolBackedDataSource]Initializing c3p0 pool... com.mchange.v2.c3p0.ComboPooledDataSource [ acquireIncrement -> 3, acquireRetryAttempts -> 30, acquireRetryDelay -> 1000, autoCommitOnClose -> false, automaticTestTable -> null, breakAfterAcquireFailure -> false, checkoutTimeout -> 0, connectionCustomizerClassName -> null, connectionTesterClassName -> com.mchange.v2.c3p0.impl.DefaultConnectionTester, dataSourceName -> 1hge6zna5pl879y4olukj|45e7bb79, debugUnreturnedConnectionStackTraces -> false, description -> null, driverClass -> com.mysql.jdbc.Driver, factoryClassLocation -> null, forceIgnoreUnresolvedTransactions -> false, identityToken -> 1hge6zna5pl879y4olukj|45e7bb79, idleConnectionTestPeriod -> 0, initialPoolSize -> 5, jdbcUrl -> jdbc:mysql://rm-bp1710pt8uc479581go.mysql.rds.aliyuncs.com:3306/koala?characterEncoding=utf8&useSSL=true&nullCatalogMeansCurrent=true, maxAdministrativeTaskTime -> 0, maxConnectionAge -> 0, maxIdleTime -> 0, maxIdleTimeExcessConnections -> 0, maxPoolSize -> 10, maxStatements -> 0, maxStatementsPerConnection -> 0, minPoolSize -> 3, numHelperThreads -> 3, numThreadsAwaitingCheckoutDefaultUser -> 0, preferredTestQuery -> null, properties -> {user=******, password=******}, propertyCycle -> 0, testConnectionOnCheckin -> false, testConnectionOnCheckout -> false, unreturnedConnectionTimeout -> 0, usesTraditionalReflectiveProxies -> false ]
[INFO] [2019-09-23 11:46:13][CDtest.test.TestNgJdbc]This is log test
[INFO] [2019-09-23 11:49:31][com.mchange.v2.log.MLog]MLog clients using log4j logging.
[INFO] [2019-09-23 11:49:31][com.mchange.v2.c3p0.C3P0Registry]Initializing c3p0-0.9.1.2 [built 21-May-2007 15:04:56; debug? true; trace: 10]
[INFO] [2019-09-23 11:49:32][CDtest.test.TestNg]测试通过枚举类型引入数据成功
[INFO] [2019-09-23 11:49:32][CDtest.test.TestNg]默认title is abc
[INFO] [2019-09-23 11:49:32][CDtest.test.TestNg]测试通过静态变量引入数据成功
[INFO] [2019-09-23 11:49:32][CDtest.test.TestNg]引入变量后title is abc
[INFO] [2019-09-23 11:49:32][com.mchange.v2.c3p0.impl.AbstractPoolBackedDataSource]Initializing c3p0 pool... com.mchange.v2.c3p0.ComboPooledDataSource [ acquireIncrement -> 3, acquireRetryAttempts -> 30, acquireRetryDelay -> 1000, autoCommitOnClose -> false, automaticTestTable -> null, breakAfterAcquireFailure -> false, checkoutTimeout -> 0, connectionCustomizerClassName -> null, connectionTesterClassName -> com.mchange.v2.c3p0.impl.DefaultConnectionTester, dataSourceName -> 1hge6zna5plch51rqmbre|7e050be1, debugUnreturnedConnectionStackTraces -> false, description -> null, driverClass -> com.mysql.jdbc.Driver, factoryClassLocation -> null, forceIgnoreUnresolvedTransactions -> false, identityToken -> 1hge6zna5plch51rqmbre|7e050be1, idleConnectionTestPeriod -> 0, initialPoolSize -> 5, jdbcUrl -> jdbc:mysql://rm-bp1710pt8uc479581go.mysql.rds.aliyuncs.com:3306/koala?characterEncoding=utf8&useSSL=true&nullCatalogMeansCurrent=true, maxAdministrativeTaskTime -> 0, maxConnectionAge -> 0, maxIdleTime -> 0, maxIdleTimeExcessConnections -> 0, maxPoolSize -> 10, maxStatements -> 0, maxStatementsPerConnection -> 0, minPoolSize -> 3, numHelperThreads -> 3, numThreadsAwaitingCheckoutDefaultUser -> 0, preferredTestQuery -> null, properties -> {user=******, password=******}, propertyCycle -> 0, testConnectionOnCheckin -> false, testConnectionOnCheckout -> false, unreturnedConnectionTimeout -> 0, usesTraditionalReflectiveProxies -> false ]
[INFO] [2019-09-23 11:49:33][CDtest.test.TestNgJdbc]This is log test
[INFO] [2019-09-23 13:50:17][com.mchange.v2.log.MLog]MLog clients using log4j logging.
[INFO] [2019-09-23 13:50:17][com.mchange.v2.c3p0.C3P0Registry]Initializing c3p0-0.9.1.2 [built 21-May-2007 15:04:56; debug? true; trace: 10]
[INFO] [2019-09-23 13:50:18][CDtest.test.TestNg]测试通过枚举类型引入数据成功
[INFO] [2019-09-23 13:50:18][CDtest.test.TestNg]默认title is abc
[INFO] [2019-09-23 13:50:18][CDtest.test.TestNg]测试通过静态变量引入数据成功
[INFO] [2019-09-23 13:50:18][CDtest.test.TestNg]引入变量后title is abc
[INFO] [2019-09-23 13:50:18][com.mchange.v2.c3p0.impl.AbstractPoolBackedDataSource]Initializing c3p0 pool... com.mchange.v2.c3p0.ComboPooledDataSource [ acquireIncrement -> 3, acquireRetryAttempts -> 30, acquireRetryDelay -> 1000, autoCommitOnClose -> false, automaticTestTable -> null, breakAfterAcquireFailure -> false, checkoutTimeout -> 0, connectionCustomizerClassName -> null, connectionTesterClassName -> com.mchange.v2.c3p0.impl.DefaultConnectionTester, dataSourceName -> 1hge6zna5ppns16l0wa9f|11148dc2, debugUnreturnedConnectionStackTraces -> false, description -> null, driverClass -> com.mysql.jdbc.Driver, factoryClassLocation -> null, forceIgnoreUnresolvedTransactions -> false, identityToken -> 1hge6zna5ppns16l0wa9f|11148dc2, idleConnectionTestPeriod -> 0, initialPoolSize -> 5, jdbcUrl -> jdbc:mysql://rm-bp1710pt8uc479581go.mysql.rds.aliyuncs.com:3306/koala?characterEncoding=utf8&useSSL=true&nullCatalogMeansCurrent=true, maxAdministrativeTaskTime -> 0, maxConnectionAge -> 0, maxIdleTime -> 0, maxIdleTimeExcessConnections -> 0, maxPoolSize -> 10, maxStatements -> 0, maxStatementsPerConnection -> 0, minPoolSize -> 3, numHelperThreads -> 3, numThreadsAwaitingCheckoutDefaultUser -> 0, preferredTestQuery -> null, properties -> {user=******, password=******}, propertyCycle -> 0, testConnectionOnCheckin -> false, testConnectionOnCheckout -> false, unreturnedConnectionTimeout -> 0, usesTraditionalReflectiveProxies -> false ]
[INFO] [2019-09-23 13:50:18][CDtest.test.TestNgJdbc]This is log test
[INFO] [2019-09-23 13:52:51][com.mchange.v2.log.MLog]MLog clients using log4j logging.
[INFO] [2019-09-23 13:52:51][com.mchange.v2.c3p0.C3P0Registry]Initializing c3p0-0.9.1.2 [built 21-May-2007 15:04:56; debug? true; trace: 10]
[INFO] [2019-09-23 13:52:52][CDtest.test.TestNg]测试通过枚举类型引入数据成功
[INFO] [2019-09-23 13:52:52][CDtest.test.TestNg]默认title is abc
[INFO] [2019-09-23 13:52:52][CDtest.test.TestNg]测试通过静态变量引入数据成功
[INFO] [2019-09-23 13:52:52][CDtest.test.TestNg]引入变量后title is abc
[INFO] [2019-09-23 13:52:52][com.mchange.v2.c3p0.impl.AbstractPoolBackedDataSource]Initializing c3p0 pool... com.mchange.v2.c3p0.ComboPooledDataSource [ acquireIncrement -> 3, acquireRetryAttempts -> 30, acquireRetryDelay -> 1000, autoCommitOnClose -> false, automaticTestTable -> null, breakAfterAcquireFailure -> false, checkoutTimeout -> 0, connectionCustomizerClassName -> null, connectionTesterClassName -> com.mchange.v2.c3p0.impl.DefaultConnectionTester, dataSourceName -> 1hge6zna5ppr35manr8ws|57c6feea, debugUnreturnedConnectionStackTraces -> false, description -> null, driverClass -> com.mysql.jdbc.Driver, factoryClassLocation -> null, forceIgnoreUnresolvedTransactions -> false, identityToken -> 1hge6zna5ppr35manr8ws|57c6feea, idleConnectionTestPeriod -> 0, initialPoolSize -> 5, jdbcUrl -> jdbc:mysql://rm-bp1710pt8uc479581go.mysql.rds.aliyuncs.com:3306/koala?characterEncoding=utf8&useSSL=true&nullCatalogMeansCurrent=true, maxAdministrativeTaskTime -> 0, maxConnectionAge -> 0, maxIdleTime -> 0, maxIdleTimeExcessConnections -> 0, maxPoolSize -> 10, maxStatements -> 0, maxStatementsPerConnection -> 0, minPoolSize -> 3, numHelperThreads -> 3, numThreadsAwaitingCheckoutDefaultUser -> 0, preferredTestQuery -> null, properties -> {user=******, password=******}, propertyCycle -> 0, testConnectionOnCheckin -> false, testConnectionOnCheckout -> false, unreturnedConnectionTimeout -> 0, usesTraditionalReflectiveProxies -> false ]
[INFO] [2019-09-23 13:52:53][CDtest.test.TestNgJdbc]This is log test
[INFO] [2019-09-23 13:59:10][com.mchange.v2.log.MLog]MLog clients using log4j logging.
[INFO] [2019-09-23 13:59:10][com.mchange.v2.c3p0.C3P0Registry]Initializing c3p0-0.9.1.2 [built 21-May-2007 15:04:56; debug? true; trace: 10]
[INFO] [2019-09-23 13:59:11][CDtest.test.TestNg]测试通过枚举类型引入数据成功
[INFO] [2019-09-23 13:59:11][CDtest.test.TestNg]默认title is abc
[INFO] [2019-09-23 13:59:11][CDtest.test.TestNg]测试通过静态变量引入数据成功
[INFO] [2019-09-23 13:59:11][CDtest.test.TestNg]引入变量后title is abc
[INFO] [2019-09-23 13:59:12][com.mchange.v2.c3p0.impl.AbstractPoolBackedDataSource]Initializing c3p0 pool... com.mchange.v2.c3p0.ComboPooledDataSource [ acquireIncrement -> 3, acquireRetryAttempts -> 30, acquireRetryDelay -> 1000, autoCommitOnClose -> false, automaticTestTable -> null, breakAfterAcquireFailure -> false, checkoutTimeout -> 0, connectionCustomizerClassName -> null, connectionTesterClassName -> com.mchange.v2.c3p0.impl.DefaultConnectionTester, dataSourceName -> 1hge6zna5ppz7q3l3zb7w|41e8d917, debugUnreturnedConnectionStackTraces -> false, description -> null, driverClass -> com.mysql.jdbc.Driver, factoryClassLocation -> null, forceIgnoreUnresolvedTransactions -> false, identityToken -> 1hge6zna5ppz7q3l3zb7w|41e8d917, idleConnectionTestPeriod -> 0, initialPoolSize -> 5, jdbcUrl -> jdbc:mysql://rm-bp1710pt8uc479581go.mysql.rds.aliyuncs.com:3306/koala?characterEncoding=utf8&useSSL=true&nullCatalogMeansCurrent=true, maxAdministrativeTaskTime -> 0, maxConnectionAge -> 0, maxIdleTime -> 0, maxIdleTimeExcessConnections -> 0, maxPoolSize -> 10, maxStatements -> 0, maxStatementsPerConnection -> 0, minPoolSize -> 3, numHelperThreads -> 3, numThreadsAwaitingCheckoutDefaultUser -> 0, preferredTestQuery -> null, properties -> {user=******, password=******}, propertyCycle -> 0, testConnectionOnCheckin -> false, testConnectionOnCheckout -> false, unreturnedConnectionTimeout -> 0, usesTraditionalReflectiveProxies -> false ]
[INFO] [2019-09-23 13:59:12][CDtest.test.TestNgJdbc]This is log test
[INFO] [2019-09-23 14:25:44][com.mchange.v2.log.MLog]MLog clients using log4j logging.
[INFO] [2019-09-23 14:25:44][com.mchange.v2.c3p0.C3P0Registry]Initializing c3p0-0.9.1.2 [built 21-May-2007 15:04:56; debug? true; trace: 10]
[INFO] [2019-09-23 14:25:45][CDtest.test.TestNg]测试通过枚举类型引入数据成功
[INFO] [2019-09-23 14:25:45][CDtest.test.TestNg]默认title is abc
[INFO] [2019-09-23 14:25:45][CDtest.test.TestNg]测试通过静态变量引入数据成功
[INFO] [2019-09-23 14:25:45][CDtest.test.TestNg]引入变量后title is abc
[INFO] [2019-09-23 14:25:45][com.mchange.v2.c3p0.impl.AbstractPoolBackedDataSource]Initializing c3p0 pool... com.mchange.v2.c3p0.ComboPooledDataSource [ acquireIncrement -> 3, acquireRetryAttempts -> 30, acquireRetryDelay -> 1000, autoCommitOnClose -> false, automaticTestTable -> null, breakAfterAcquireFailure -> false, checkoutTimeout -> 0, connectionCustomizerClassName -> null, connectionTesterClassName -> com.mchange.v2.c3p0.impl.DefaultConnectionTester, dataSourceName -> 1hge6zna5pqxdhh1g09lxi|375084c9, debugUnreturnedConnectionStackTraces -> false, description -> null, driverClass -> com.mysql.jdbc.Driver, factoryClassLocation -> null, forceIgnoreUnresolvedTransactions -> false, identityToken -> 1hge6zna5pqxdhh1g09lxi|375084c9, idleConnectionTestPeriod -> 0, initialPoolSize -> 5, jdbcUrl -> jdbc:mysql://rm-bp1710pt8uc479581go.mysql.rds.aliyuncs.com:3306/koala?characterEncoding=utf8&useSSL=true&nullCatalogMeansCurrent=true, maxAdministrativeTaskTime -> 0, maxConnectionAge -> 0, maxIdleTime -> 0, maxIdleTimeExcessConnections -> 0, maxPoolSize -> 10, maxStatements -> 0, maxStatementsPerConnection -> 0, minPoolSize -> 3, numHelperThreads -> 3, numThreadsAwaitingCheckoutDefaultUser -> 0, preferredTestQuery -> null, properties -> {user=******, password=******}, propertyCycle -> 0, testConnectionOnCheckin -> false, testConnectionOnCheckout -> false, unreturnedConnectionTimeout -> 0, usesTraditionalReflectiveProxies -> false ]
[INFO] [2019-09-23 14:25:46][CDtest.test.TestNgJdbc]This is log test
[INFO] [2019-09-23 15:01:25][com.mchange.v2.log.MLog]MLog clients using log4j logging.
[INFO] [2019-09-23 15:01:25][com.mchange.v2.c3p0.C3P0Registry]Initializing c3p0-0.9.1.2 [built 21-May-2007 15:04:56; debug? true; trace: 10]
[INFO] [2019-09-23 15:01:26][CDtest.test.TestNg]测试通过枚举类型引入数据成功
[INFO] [2019-09-23 15:01:26][CDtest.test.TestNg]默认title is abc
[INFO] [2019-09-23 15:01:26][CDtest.test.TestNg]测试通过静态变量引入数据成功
[INFO] [2019-09-23 15:01:26][CDtest.test.TestNg]引入变量后title is abc
[INFO] [2019-09-23 15:01:27][com.mchange.v2.c3p0.impl.AbstractPoolBackedDataSource]Initializing c3p0 pool... com.mchange.v2.c3p0.ComboPooledDataSource [ acquireIncrement -> 3, acquireRetryAttempts -> 30, acquireRetryDelay -> 1000, autoCommitOnClose -> false, automaticTestTable -> null, breakAfterAcquireFailure -> false, checkoutTimeout -> 0, connectionCustomizerClassName -> null, connectionTesterClassName -> com.mchange.v2.c3p0.impl.DefaultConnectionTester, dataSourceName -> 1hge6zna5ps79n0z8f09i|41fc0084, debugUnreturnedConnectionStackTraces -> false, description -> null, driverClass -> com.mysql.jdbc.Driver, factoryClassLocation -> null, forceIgnoreUnresolvedTransactions -> false, identityToken -> 1hge6zna5ps79n0z8f09i|41fc0084, idleConnectionTestPeriod -> 0, initialPoolSize -> 5, jdbcUrl -> jdbc:mysql://rm-bp1710pt8uc479581go.mysql.rds.aliyuncs.com:3306/koala?characterEncoding=utf8&useSSL=true&nullCatalogMeansCurrent=true, maxAdministrativeTaskTime -> 0, maxConnectionAge -> 0, maxIdleTime -> 0, maxIdleTimeExcessConnections -> 0, maxPoolSize -> 10, maxStatements -> 0, maxStatementsPerConnection -> 0, minPoolSize -> 3, numHelperThreads -> 3, numThreadsAwaitingCheckoutDefaultUser -> 0, preferredTestQuery -> null, properties -> {user=******, password=******}, propertyCycle -> 0, testConnectionOnCheckin -> false, testConnectionOnCheckout -> false, unreturnedConnectionTimeout -> 0, usesTraditionalReflectiveProxies -> false ]
[INFO] [2019-09-23 15:01:27][CDtest.test.TestNgJdbc]This is log test
[INFO] [2019-09-23 15:34:09][com.mchange.v2.log.MLog]MLog clients using log4j logging.
[INFO] [2019-09-23 15:34:09][com.mchange.v2.c3p0.C3P0Registry]Initializing c3p0-0.9.1.2 [built 21-May-2007 15:04:56; debug? true; trace: 10]
[INFO] [2019-09-23 15:34:10][CDtest.test.TestNg]测试通过枚举类型引入数据成功
[INFO] [2019-09-23 15:34:10][CDtest.test.TestNg]默认title is abc
[INFO] [2019-09-23 15:34:10][CDtest.test.TestNg]测试通过静态变量引入数据成功
[INFO] [2019-09-23 15:34:10][CDtest.test.TestNg]引入变量后title is abc
[INFO] [2019-09-23 15:34:11][com.mchange.v2.c3p0.impl.AbstractPoolBackedDataSource]Initializing c3p0 pool... com.mchange.v2.c3p0.ComboPooledDataSource [ acquireIncrement -> 3, acquireRetryAttempts -> 30, acquireRetryDelay -> 1000, autoCommitOnClose -> false, automaticTestTable -> null, breakAfterAcquireFailure -> false, checkoutTimeout -> 0, connectionCustomizerClassName -> null, connectionTesterClassName -> com.mchange.v2.c3p0.impl.DefaultConnectionTester, dataSourceName -> 1hge6zna5ptdd311cokqkr|5d66ae3a, debugUnreturnedConnectionStackTraces -> false, description -> null, driverClass -> com.mysql.jdbc.Driver, factoryClassLocation -> null, forceIgnoreUnresolvedTransactions -> false, identityToken -> 1hge6zna5ptdd311cokqkr|5d66ae3a, idleConnectionTestPeriod -> 0, initialPoolSize -> 5, jdbcUrl -> jdbc:mysql://rm-bp1710pt8uc479581go.mysql.rds.aliyuncs.com:3306/koala?characterEncoding=utf8&useSSL=true&nullCatalogMeansCurrent=true, maxAdministrativeTaskTime -> 0, maxConnectionAge -> 0, maxIdleTime -> 0, maxIdleTimeExcessConnections -> 0, maxPoolSize -> 10, maxStatements -> 0, maxStatementsPerConnection -> 0, minPoolSize -> 3, numHelperThreads -> 3, numThreadsAwaitingCheckoutDefaultUser -> 0, preferredTestQuery -> null, properties -> {user=******, password=******}, propertyCycle -> 0, testConnectionOnCheckin -> false, testConnectionOnCheckout -> false, unreturnedConnectionTimeout -> 0, usesTraditionalReflectiveProxies -> false ]
[INFO] [2019-09-23 15:34:11][CDtest.test.TestNgJdbc]This is log test
[INFO] [2019-09-23 15:48:30][com.mchange.v2.log.MLog]MLog clients using log4j logging.
[INFO] [2019-09-23 15:48:30][com.mchange.v2.c3p0.C3P0Registry]Initializing c3p0-0.9.1.2 [built 21-May-2007 15:04:56; debug? true; trace: 10]
[INFO] [2019-09-23 15:48:30][CDtest.test.TestNg]测试通过枚举类型引入数据成功
[INFO] [2019-09-23 15:48:31][CDtest.test.TestNg]默认title is abc
[INFO] [2019-09-23 15:48:31][CDtest.test.TestNg]测试通过静态变量引入数据成功
[INFO] [2019-09-23 15:48:31][CDtest.test.TestNg]引入变量后title is abc
[INFO] [2019-09-23 15:48:31][com.mchange.v2.c3p0.impl.AbstractPoolBackedDataSource]Initializing c3p0 pool... com.mchange.v2.c3p0.ComboPooledDataSource [ acquireIncrement -> 3, acquireRetryAttempts -> 30, acquireRetryDelay -> 1000, autoCommitOnClose -> false, automaticTestTable -> null, breakAfterAcquireFailure -> false, checkoutTimeout -> 0, connectionCustomizerClassName -> null, connectionTesterClassName -> com.mchange.v2.c3p0.impl.DefaultConnectionTester, dataSourceName -> 1hge6zna5ptvsxfxd1m1h|7b8aebd0, debugUnreturnedConnectionStackTraces -> false, description -> null, driverClass -> com.mysql.jdbc.Driver, factoryClassLocation -> null, forceIgnoreUnresolvedTransactions -> false, identityToken -> 1hge6zna5ptvsxfxd1m1h|7b8aebd0, idleConnectionTestPeriod -> 0, initialPoolSize -> 5, jdbcUrl -> jdbc:mysql://rm-bp1710pt8uc479581go.mysql.rds.aliyuncs.com:3306/koala?characterEncoding=utf8&useSSL=true&nullCatalogMeansCurrent=true, maxAdministrativeTaskTime -> 0, maxConnectionAge -> 0, maxIdleTime -> 0, maxIdleTimeExcessConnections -> 0, maxPoolSize -> 10, maxStatements -> 0, maxStatementsPerConnection -> 0, minPoolSize -> 3, numHelperThreads -> 3, numThreadsAwaitingCheckoutDefaultUser -> 0, preferredTestQuery -> null, properties -> {user=******, password=******}, propertyCycle -> 0, testConnectionOnCheckin -> false, testConnectionOnCheckout -> false, unreturnedConnectionTimeout -> 0, usesTraditionalReflectiveProxies -> false ]
[INFO] [2019-09-23 15:48:31][CDtest.test.TestNgJdbc]This is log test
[INFO] [2019-09-23 15:50:48][com.mchange.v2.log.MLog]MLog clients using log4j logging.
[INFO] [2019-09-23 15:50:48][com.mchange.v2.c3p0.C3P0Registry]Initializing c3p0-0.9.1.2 [built 21-May-2007 15:04:56; debug? true; trace: 10]
[INFO] [2019-09-23 15:50:49][CDtest.test.TestNg]测试通过枚举类型引入数据成功
[INFO] [2019-09-23 15:50:49][CDtest.test.TestNg]默认title is abc
[INFO] [2019-09-23 15:50:49][CDtest.test.TestNg]测试通过静态变量引入数据成功
[INFO] [2019-09-23 15:50:49][CDtest.test.TestNg]引入变量后title is abc
[INFO] [2019-09-23 15:50:49][com.mchange.v2.c3p0.impl.AbstractPoolBackedDataSource]Initializing c3p0 pool... com.mchange.v2.c3p0.ComboPooledDataSource [ acquireIncrement -> 3, acquireRetryAttempts -> 30, acquireRetryDelay -> 1000, autoCommitOnClose -> false, automaticTestTable -> null, breakAfterAcquireFailure -> false, checkoutTimeout -> 0, connectionCustomizerClassName -> null, connectionTesterClassName -> com.mchange.v2.c3p0.impl.DefaultConnectionTester, dataSourceName -> 1hge6zna5ptyrg4czq3r2|147e0734, debugUnreturnedConnectionStackTraces -> false, description -> null, driverClass -> com.mysql.jdbc.Driver, factoryClassLocation -> null, forceIgnoreUnresolvedTransactions -> false, identityToken -> 1hge6zna5ptyrg4czq3r2|147e0734, idleConnectionTestPeriod -> 0, initialPoolSize -> 5, jdbcUrl -> jdbc:mysql://rm-bp1710pt8uc479581go.mysql.rds.aliyuncs.com:3306/koala?characterEncoding=utf8&useSSL=true&nullCatalogMeansCurrent=true, maxAdministrativeTaskTime -> 0, maxConnectionAge -> 0, maxIdleTime -> 0, maxIdleTimeExcessConnections -> 0, maxPoolSize -> 10, maxStatements -> 0, maxStatementsPerConnection -> 0, minPoolSize -> 3, numHelperThreads -> 3, numThreadsAwaitingCheckoutDefaultUser -> 0, preferredTestQuery -> null, properties -> {user=******, password=******}, propertyCycle -> 0, testConnectionOnCheckin -> false, testConnectionOnCheckout -> false, unreturnedConnectionTimeout -> 0, usesTraditionalReflectiveProxies -> false ]
[INFO] [2019-09-23 15:50:49][CDtest.test.TestNgJdbc]This is log test
[INFO] [2019-09-23 15:58:33][com.mchange.v2.log.MLog]MLog clients using log4j logging.
[INFO] [2019-09-23 15:58:34][com.mchange.v2.c3p0.C3P0Registry]Initializing c3p0-0.9.1.2 [built 21-May-2007 15:04:56; debug? true; trace: 10]
[INFO] [2019-09-23 15:58:34][CDtest.test.TestNg]测试通过枚举类型引入数据成功
[INFO] [2019-09-23 15:58:34][CDtest.test.TestNg]默认title is abc
[INFO] [2019-09-23 15:58:34][CDtest.test.TestNg]测试通过静态变量引入数据成功
[INFO] [2019-09-23 15:58:34][CDtest.test.TestNg]引入变量后title is abc
[INFO] [2019-09-23 15:58:35][com.mchange.v2.c3p0.impl.AbstractPoolBackedDataSource]Initializing c3p0 pool... com.mchange.v2.c3p0.ComboPooledDataSource [ acquireIncrement -> 3, acquireRetryAttempts -> 30, acquireRetryDelay -> 1000, autoCommitOnClose -> false, automaticTestTable -> null, breakAfterAcquireFailure -> false, checkoutTimeout -> 0, connectionCustomizerClassName -> null, connectionTesterClassName -> com.mchange.v2.c3p0.impl.DefaultConnectionTester, dataSourceName -> 1hge6zna5pu8qvt1mkjs8d|71369e1a, debugUnreturnedConnectionStackTraces -> false, description -> null, driverClass -> com.mysql.jdbc.Driver, factoryClassLocation -> null, forceIgnoreUnresolvedTransactions -> false, identityToken -> 1hge6zna5pu8qvt1mkjs8d|71369e1a, idleConnectionTestPeriod -> 0, initialPoolSize -> 5, jdbcUrl -> jdbc:mysql://rm-bp1710pt8uc479581go.mysql.rds.aliyuncs.com:3306/koala?characterEncoding=utf8&useSSL=true&nullCatalogMeansCurrent=true, maxAdministrativeTaskTime -> 0, maxConnectionAge -> 0, maxIdleTime -> 0, maxIdleTimeExcessConnections -> 0, maxPoolSize -> 10, maxStatements -> 0, maxStatementsPerConnection -> 0, minPoolSize -> 3, numHelperThreads -> 3, numThreadsAwaitingCheckoutDefaultUser -> 0, preferredTestQuery -> null, properties -> {user=******, password=******}, propertyCycle -> 0, testConnectionOnCheckin -> false, testConnectionOnCheckout -> false, unreturnedConnectionTimeout -> 0, usesTraditionalReflectiveProxies -> false ]
[INFO] [2019-09-23 15:58:35][CDtest.test.TestNgJdbc]This is log test
[INFO] [2019-09-23 16:38:18][com.mchange.v2.log.MLog]MLog clients using log4j logging.
[INFO] [2019-09-23 16:38:18][com.mchange.v2.c3p0.C3P0Registry]Initializing c3p0-0.9.1.2 [built 21-May-2007 15:04:56; debug? true; trace: 10]
[INFO] [2019-09-23 16:38:19][CDtest.test.TestNg]测试通过枚举类型引入数据成功
[INFO] [2019-09-23 16:38:19][CDtest.test.TestNg]默认title is abc
[INFO] [2019-09-23 16:38:19][CDtest.test.TestNg]测试通过静态变量引入数据成功
[INFO] [2019-09-23 16:38:19][CDtest.test.TestNg]引入变量后title is abc
[INFO] [2019-09-23 16:38:20][com.mchange.v2.c3p0.impl.AbstractPoolBackedDataSource]Initializing c3p0 pool... com.mchange.v2.c3p0.ComboPooledDataSource [ acquireIncrement -> 3, acquireRetryAttempts -> 30, acquireRetryDelay -> 1000, autoCommitOnClose -> false, automaticTestTable -> null, breakAfterAcquireFailure -> false, checkoutTimeout -> 0, connectionCustomizerClassName -> null, connectionTesterClassName -> com.mchange.v2.c3p0.impl.DefaultConnectionTester, dataSourceName -> 1hge6zna5pvnuqaehh9n6|52f9e8bb, debugUnreturnedConnectionStackTraces -> false, description -> null, driverClass -> com.mysql.jdbc.Driver, factoryClassLocation -> null, forceIgnoreUnresolvedTransactions -> false, identityToken -> 1hge6zna5pvnuqaehh9n6|52f9e8bb, idleConnectionTestPeriod -> 0, initialPoolSize -> 5, jdbcUrl -> jdbc:mysql://rm-bp1710pt8uc479581go.mysql.rds.aliyuncs.com:3306/koala?characterEncoding=utf8&useSSL=true&nullCatalogMeansCurrent=true, maxAdministrativeTaskTime -> 0, maxConnectionAge -> 0, maxIdleTime -> 0, maxIdleTimeExcessConnections -> 0, maxPoolSize -> 10, maxStatements -> 0, maxStatementsPerConnection -> 0, minPoolSize -> 3, numHelperThreads -> 3, numThreadsAwaitingCheckoutDefaultUser -> 0, preferredTestQuery -> null, properties -> {user=******, password=******}, propertyCycle -> 0, testConnectionOnCheckin -> false, testConnectionOnCheckout -> false, unreturnedConnectionTimeout -> 0, usesTraditionalReflectiveProxies -> false ]
[INFO] [2019-09-23 16:38:20][CDtest.test.TestNgJdbc]This is log test
[INFO] [2019-09-23 16:43:53][com.mchange.v2.log.MLog]MLog clients using log4j logging.
[INFO] [2019-09-23 16:43:53][com.mchange.v2.c3p0.C3P0Registry]Initializing c3p0-0.9.1.2 [built 21-May-2007 15:04:56; debug? true; trace: 10]
[INFO] [2019-09-23 16:43:54][CDtest.test.TestNg]测试通过枚举类型引入数据成功
[INFO] [2019-09-23 16:43:54][CDtest.test.TestNg]默认title is abc
[INFO] [2019-09-23 16:43:54][CDtest.test.TestNg]测试通过静态变量引入数据成功
[INFO] [2019-09-23 16:43:54][CDtest.test.TestNg]引入变量后title is abc
[INFO] [2019-09-23 16:43:54][com.mchange.v2.c3p0.impl.AbstractPoolBackedDataSource]Initializing c3p0 pool... com.mchange.v2.c3p0.ComboPooledDataSource [ acquireIncrement -> 3, acquireRetryAttempts -> 30, acquireRetryDelay -> 1000, autoCommitOnClose -> false, automaticTestTable -> null, breakAfterAcquireFailure -> false, checkoutTimeout -> 0, connectionCustomizerClassName -> null, connectionTesterClassName -> com.mchange.v2.c3p0.impl.DefaultConnectionTester, dataSourceName -> 1hge6zna5pvv1c16qkfcv|7a55fb81, debugUnreturnedConnectionStackTraces -> false, description -> null, driverClass -> com.mysql.jdbc.Driver, factoryClassLocation -> null, forceIgnoreUnresolvedTransactions -> false, identityToken -> 1hge6zna5pvv1c16qkfcv|7a55fb81, idleConnectionTestPeriod -> 0, initialPoolSize -> 5, jdbcUrl -> jdbc:mysql://rm-bp1710pt8uc479581go.mysql.rds.aliyuncs.com:3306/koala?characterEncoding=utf8&useSSL=true&nullCatalogMeansCurrent=true, maxAdministrativeTaskTime -> 0, maxConnectionAge -> 0, maxIdleTime -> 0, maxIdleTimeExcessConnections -> 0, maxPoolSize -> 10, maxStatements -> 0, maxStatementsPerConnection -> 0, minPoolSize -> 3, numHelperThreads -> 3, numThreadsAwaitingCheckoutDefaultUser -> 0, preferredTestQuery -> null, properties -> {user=******, password=******}, propertyCycle -> 0, testConnectionOnCheckin -> false, testConnectionOnCheckout -> false, unreturnedConnectionTimeout -> 0, usesTraditionalReflectiveProxies -> false ]
[INFO] [2019-09-23 16:43:55][CDtest.test.TestNgJdbc]This is log test
[INFO] [2019-09-23 16:46:09][com.mchange.v2.log.MLog]MLog clients using log4j logging.
[INFO] [2019-09-23 16:46:09][com.mchange.v2.c3p0.C3P0Registry]Initializing c3p0-0.9.1.2 [built 21-May-2007 15:04:56; debug? true; trace: 10]
[INFO] [2019-09-23 16:46:09][CDtest.test.TestNg]测试通过枚举类型引入数据成功
[INFO] [2019-09-23 16:46:09][CDtest.test.TestNg]默认title is abc
[INFO] [2019-09-23 16:46:09][CDtest.test.TestNg]测试通过静态变量引入数据成功
[INFO] [2019-09-23 16:46:09][CDtest.test.TestNg]引入变量后title is abc
[INFO] [2019-09-23 16:46:10][com.mchange.v2.c3p0.impl.AbstractPoolBackedDataSource]Initializing c3p0 pool... com.mchange.v2.c3p0.ComboPooledDataSource [ acquireIncrement -> 3, acquireRetryAttempts -> 30, acquireRetryDelay -> 1000, autoCommitOnClose -> false, automaticTestTable -> null, breakAfterAcquireFailure -> false, checkoutTimeout -> 0, connectionCustomizerClassName -> null, connectionTesterClassName -> com.mchange.v2.c3p0.impl.DefaultConnectionTester, dataSourceName -> 1hge6zna5pvxxvj16t7s9m|66d3b881, debugUnreturnedConnectionStackTraces -> false, description -> null, driverClass -> com.mysql.jdbc.Driver, factoryClassLocation -> null, forceIgnoreUnresolvedTransactions -> false, identityToken -> 1hge6zna5pvxxvj16t7s9m|66d3b881, idleConnectionTestPeriod -> 0, initialPoolSize -> 5, jdbcUrl -> jdbc:mysql://rm-bp1710pt8uc479581go.mysql.rds.aliyuncs.com:3306/koala?characterEncoding=utf8&useSSL=true&nullCatalogMeansCurrent=true, maxAdministrativeTaskTime -> 0, maxConnectionAge -> 0, maxIdleTime -> 0, maxIdleTimeExcessConnections -> 0, maxPoolSize -> 10, maxStatements -> 0, maxStatementsPerConnection -> 0, minPoolSize -> 3, numHelperThreads -> 3, numThreadsAwaitingCheckoutDefaultUser -> 0, preferredTestQuery -> null, properties -> {user=******, password=******}, propertyCycle -> 0, testConnectionOnCheckin -> false, testConnectionOnCheckout -> false, unreturnedConnectionTimeout -> 0, usesTraditionalReflectiveProxies -> false ]
[INFO] [2019-09-23 16:46:10][CDtest.test.TestNgJdbc]This is log test
[INFO] [2019-09-23 17:13:37][com.mchange.v2.log.MLog]MLog clients using log4j logging.
[INFO] [2019-09-23 17:13:37][com.mchange.v2.c3p0.C3P0Registry]Initializing c3p0-0.9.1.2 [built 21-May-2007 15:04:56; debug? true; trace: 10]
[INFO] [2019-09-23 17:13:38][CDtest.test.TestNg]测试通过枚举类型引入数据成功
[INFO] [2019-09-23 17:13:38][CDtest.test.TestNg]默认title is abc
[INFO] [2019-09-23 17:13:38][CDtest.test.TestNg]测试通过静态变量引入数据成功
[INFO] [2019-09-23 17:13:38][CDtest.test.TestNg]引入变量后title is abc
[INFO] [2019-09-23 17:13:38][com.mchange.v2.c3p0.impl.AbstractPoolBackedDataSource]Initializing c3p0 pool... com.mchange.v2.c3p0.ComboPooledDataSource [ acquireIncrement -> 3, acquireRetryAttempts -> 30, acquireRetryDelay -> 1000, autoCommitOnClose -> false, automaticTestTable -> null, breakAfterAcquireFailure -> false, checkoutTimeout -> 0, connectionCustomizerClassName -> null, connectionTesterClassName -> com.mchange.v2.c3p0.impl.DefaultConnectionTester, dataSourceName -> 1hge6zna5pwx9ti1y0y664|2a2b7a35, debugUnreturnedConnectionStackTraces -> false, description -> null, driverClass -> com.mysql.jdbc.Driver, factoryClassLocation -> null, forceIgnoreUnresolvedTransactions -> false, identityToken -> 1hge6zna5pwx9ti1y0y664|2a2b7a35, idleConnectionTestPeriod -> 0, initialPoolSize -> 5, jdbcUrl -> jdbc:mysql://rm-bp1710pt8uc479581go.mysql.rds.aliyuncs.com:3306/koala?characterEncoding=utf8&useSSL=true&nullCatalogMeansCurrent=true, maxAdministrativeTaskTime -> 0, maxConnectionAge -> 0, maxIdleTime -> 0, maxIdleTimeExcessConnections -> 0, maxPoolSize -> 10, maxStatements -> 0, maxStatementsPerConnection -> 0, minPoolSize -> 3, numHelperThreads -> 3, numThreadsAwaitingCheckoutDefaultUser -> 0, preferredTestQuery -> null, properties -> {user=******, password=******}, propertyCycle -> 0, testConnectionOnCheckin -> false, testConnectionOnCheckout -> false, unreturnedConnectionTimeout -> 0, usesTraditionalReflectiveProxies -> false ]
[INFO] [2019-09-23 17:13:39][CDtest.test.TestNgJdbc]This is log test
[INFO] [2019-09-23 17:16:28][com.mchange.v2.log.MLog]MLog clients using log4j logging.
[INFO] [2019-09-23 17:16:28][com.mchange.v2.c3p0.C3P0Registry]Initializing c3p0-0.9.1.2 [built 21-May-2007 15:04:56; debug? true; trace: 10]
[INFO] [2019-09-23 17:16:29][CDtest.test.TestNg]测试通过枚举类型引入数据成功
[INFO] [2019-09-23 17:16:29][CDtest.test.TestNg]默认title is abc
[INFO] [2019-09-23 17:16:29][CDtest.test.TestNg]测试通过静态变量引入数据成功
[INFO] [2019-09-23 17:16:29][CDtest.test.TestNg]引入变量后title is abc
[INFO] [2019-09-23 17:16:30][com.mchange.v2.c3p0.impl.AbstractPoolBackedDataSource]Initializing c3p0 pool... com.mchange.v2.c3p0.ComboPooledDataSource [ acquireIncrement -> 3, acquireRetryAttempts -> 30, acquireRetryDelay -> 1000, autoCommitOnClose -> false, automaticTestTable -> null, breakAfterAcquireFailure -> false, checkoutTimeout -> 0, connectionCustomizerClassName -> null, connectionTesterClassName -> com.mchange.v2.c3p0.impl.DefaultConnectionTester, dataSourceName -> 1hge6zna5px0y2x1evoii2|3babcaed, debugUnreturnedConnectionStackTraces -> false, description -> null, driverClass -> com.mysql.jdbc.Driver, factoryClassLocation -> null, forceIgnoreUnresolvedTransactions -> false, identityToken -> 1hge6zna5px0y2x1evoii2|3babcaed, idleConnectionTestPeriod -> 0, initialPoolSize -> 5, jdbcUrl -> jdbc:mysql://rm-bp1710pt8uc479581go.mysql.rds.aliyuncs.com:3306/koala?characterEncoding=utf8&useSSL=true&nullCatalogMeansCurrent=true, maxAdministrativeTaskTime -> 0, maxConnectionAge -> 0, maxIdleTime -> 0, maxIdleTimeExcessConnections -> 0, maxPoolSize -> 10, maxStatements -> 0, maxStatementsPerConnection -> 0, minPoolSize -> 3, numHelperThreads -> 3, numThreadsAwaitingCheckoutDefaultUser -> 0, preferredTestQuery -> null, properties -> {user=******, password=******}, propertyCycle -> 0, testConnectionOnCheckin -> false, testConnectionOnCheckout -> false, unreturnedConnectionTimeout -> 0, usesTraditionalReflectiveProxies -> false ]
[INFO] [2019-09-23 17:16:30][CDtest.test.TestNgJdbc]This is log test
[INFO] [2019-09-23 17:17:43][com.mchange.v2.log.MLog]MLog clients using log4j logging.
[INFO] [2019-09-23 17:17:43][com.mchange.v2.c3p0.C3P0Registry]Initializing c3p0-0.9.1.2 [built 21-May-2007 15:04:56; debug? true; trace: 10]
[INFO] [2019-09-23 17:17:44][CDtest.test.TestNg]测试通过枚举类型引入数据成功
[INFO] [2019-09-23 17:17:44][CDtest.test.TestNg]默认title is abc
[INFO] [2019-09-23 17:17:44][CDtest.test.TestNg]测试通过静态变量引入数据成功
[INFO] [2019-09-23 17:17:44][CDtest.test.TestNg]引入变量后title is abc
[INFO] [2019-09-23 17:17:44][com.mchange.v2.c3p0.impl.AbstractPoolBackedDataSource]Initializing c3p0 pool... com.mchange.v2.c3p0.ComboPooledDataSource [ acquireIncrement -> 3, acquireRetryAttempts -> 30, acquireRetryDelay -> 1000, autoCommitOnClose -> false, automaticTestTable -> null, breakAfterAcquireFailure -> false, checkoutTimeout -> 0, connectionCustomizerClassName -> null, connectionTesterClassName -> com.mchange.v2.c3p0.impl.DefaultConnectionTester, dataSourceName -> 1hge6zna5px2jr3a56ol8|afee63, debugUnreturnedConnectionStackTraces -> false, description -> null, driverClass -> com.mysql.jdbc.Driver, factoryClassLocation -> null, forceIgnoreUnresolvedTransactions -> false, identityToken -> 1hge6zna5px2jr3a56ol8|afee63, idleConnectionTestPeriod -> 0, initialPoolSize -> 5, jdbcUrl -> jdbc:mysql://rm-bp1710pt8uc479581go.mysql.rds.aliyuncs.com:3306/koala?characterEncoding=utf8&useSSL=true&nullCatalogMeansCurrent=true, maxAdministrativeTaskTime -> 0, maxConnectionAge -> 0, maxIdleTime -> 0, maxIdleTimeExcessConnections -> 0, maxPoolSize -> 10, maxStatements -> 0, maxStatementsPerConnection -> 0, minPoolSize -> 3, numHelperThreads -> 3, numThreadsAwaitingCheckoutDefaultUser -> 0, preferredTestQuery -> null, properties -> {user=******, password=******}, propertyCycle -> 0, testConnectionOnCheckin -> false, testConnectionOnCheckout -> false, unreturnedConnectionTimeout -> 0, usesTraditionalReflectiveProxies -> false ]
[INFO] [2019-09-23 17:17:45][CDtest.test.TestNgJdbc]This is log test
[INFO] [2019-09-23 17:19:15][com.mchange.v2.log.MLog]MLog clients using log4j logging.
[INFO] [2019-09-23 17:19:15][com.mchange.v2.c3p0.C3P0Registry]Initializing c3p0-0.9.1.2 [built 21-May-2007 15:04:56; debug? true; trace: 10]
[INFO] [2019-09-23 17:19:51][CDtest.test.TestNg]默认title is atong,ahua
[INFO] [2019-09-23 17:20:15][CDtest.test.TestNg]测试通过静态变量引入数据成功
[INFO] [2019-09-23 17:20:15][CDtest.test.TestNg]引入变量后title is abc
[INFO] [2019-09-23 17:25:34][com.mchange.v2.log.MLog]MLog clients using log4j logging.
[INFO] [2019-09-23 17:25:34][com.mchange.v2.c3p0.C3P0Registry]Initializing c3p0-0.9.1.2 [built 21-May-2007 15:04:56; debug? true; trace: 10]
[INFO] [2019-09-23 17:26:09][CDtest.test.TestNg]默认title is atong,ahua
[INFO] [2019-09-23 17:28:26][com.mchange.v2.log.MLog]MLog clients using log4j logging.
[INFO] [2019-09-23 17:28:26][com.mchange.v2.c3p0.C3P0Registry]Initializing c3p0-0.9.1.2 [built 21-May-2007 15:04:56; debug? true; trace: 10]
[INFO] [2019-09-23 17:28:27][CDtest.test.TestNg]测试通过枚举类型引入数据成功
[INFO] [2019-09-23 17:28:27][CDtest.test.TestNg]默认title is abc
[INFO] [2019-09-23 17:28:27][CDtest.test.TestNg]测试通过静态变量引入数据成功
[INFO] [2019-09-23 17:28:27][CDtest.test.TestNg]引入变量后title is abc
[INFO] [2019-09-23 17:28:55][com.mchange.v2.log.MLog]MLog clients using log4j logging.
[INFO] [2019-09-23 17:28:55][com.mchange.v2.c3p0.C3P0Registry]Initializing c3p0-0.9.1.2 [built 21-May-2007 15:04:56; debug? true; trace: 10]
[INFO] [2019-09-23 17:28:56][CDtest.test.TestNg]测试通过枚举类型引入数据成功
[INFO] [2019-09-23 17:28:56][CDtest.test.TestNg]默认title is abc
[INFO] [2019-09-23 17:28:56][CDtest.test.TestNg]测试通过静态变量引入数据成功
[INFO] [2019-09-23 17:28:56][CDtest.test.TestNg]引入变量后title is abc
[INFO] [2019-09-23 17:28:57][com.mchange.v2.c3p0.impl.AbstractPoolBackedDataSource]Initializing c3p0 pool... com.mchange.v2.c3p0.ComboPooledDataSource [ acquireIncrement -> 3, acquireRetryAttempts -> 30, acquireRetryDelay -> 1000, autoCommitOnClose -> false, automaticTestTable -> null, breakAfterAcquireFailure -> false, checkoutTimeout -> 0, connectionCustomizerClassName -> null, connectionTesterClassName -> com.mchange.v2.c3p0.impl.DefaultConnectionTester, dataSourceName -> 1hge6zna5pxgy9a1202c2l|47eaf55c, debugUnreturnedConnectionStackTraces -> false, description -> null, driverClass -> com.mysql.jdbc.Driver, factoryClassLocation -> null, forceIgnoreUnresolvedTransactions -> false, identityToken -> 1hge6zna5pxgy9a1202c2l|47eaf55c, idleConnectionTestPeriod -> 0, initialPoolSize -> 5, jdbcUrl -> jdbc:mysql://rm-bp1710pt8uc479581go.mysql.rds.aliyuncs.com:3306/koala?characterEncoding=utf8&useSSL=true&nullCatalogMeansCurrent=true, maxAdministrativeTaskTime -> 0, maxConnectionAge -> 0, maxIdleTime -> 0, maxIdleTimeExcessConnections -> 0, maxPoolSize -> 10, maxStatements -> 0, maxStatementsPerConnection -> 0, minPoolSize -> 3, numHelperThreads -> 3, numThreadsAwaitingCheckoutDefaultUser -> 0, preferredTestQuery -> null, properties -> {user=******, password=******}, propertyCycle -> 0, testConnectionOnCheckin -> false, testConnectionOnCheckout -> false, unreturnedConnectionTimeout -> 0, usesTraditionalReflectiveProxies -> false ]
[INFO] [2019-09-23 17:28:57][CDtest.test.TestNgJdbc]This is log test
[INFO] [2019-09-23 17:34:17][com.mchange.v2.log.MLog]MLog clients using log4j logging.
[INFO] [2019-09-23 17:34:17][com.mchange.v2.c3p0.C3P0Registry]Initializing c3p0-0.9.1.2 [built 21-May-2007 15:04:56; debug? true; trace: 10]
[INFO] [2019-09-23 17:34:18][CDtest.test.TestNg]测试通过枚举类型引入数据成功
[INFO] [2019-09-23 17:34:18][CDtest.test.TestNg]默认title is abc
[INFO] [2019-09-23 17:34:18][CDtest.test.TestNg]测试通过静态变量引入数据成功
[INFO] [2019-09-23 17:34:18][CDtest.test.TestNg]引入变量后title is abc
[INFO] [2019-09-23 17:34:19][com.mchange.v2.c3p0.impl.AbstractPoolBackedDataSource]Initializing c3p0 pool... com.mchange.v2.c3p0.ComboPooledDataSource [ acquireIncrement -> 3, acquireRetryAttempts -> 30, acquireRetryDelay -> 1000, autoCommitOnClose -> false, automaticTestTable -> null, breakAfterAcquireFailure -> false, checkoutTimeout -> 0, connectionCustomizerClassName -> null, connectionTesterClassName -> com.mchange.v2.c3p0.impl.DefaultConnectionTester, dataSourceName -> 1hge6zna5pxnufy10gtliv|333e5fb6, debugUnreturnedConnectionStackTraces -> false, description -> null, driverClass -> com.mysql.jdbc.Driver, factoryClassLocation -> null, forceIgnoreUnresolvedTransactions -> false, identityToken -> 1hge6zna5pxnufy10gtliv|333e5fb6, idleConnectionTestPeriod -> 0, initialPoolSize -> 5, jdbcUrl -> jdbc:mysql://rm-bp1710pt8uc479581go.mysql.rds.aliyuncs.com:3306/koala?characterEncoding=utf8&useSSL=true&nullCatalogMeansCurrent=true, maxAdministrativeTaskTime -> 0, maxConnectionAge -> 0, maxIdleTime -> 0, maxIdleTimeExcessConnections -> 0, maxPoolSize -> 10, maxStatements -> 0, maxStatementsPerConnection -> 0, minPoolSize -> 3, numHelperThreads -> 3, numThreadsAwaitingCheckoutDefaultUser -> 0, preferredTestQuery -> null, properties -> {user=******, password=******}, propertyCycle -> 0, testConnectionOnCheckin -> false, testConnectionOnCheckout -> false, unreturnedConnectionTimeout -> 0, usesTraditionalReflectiveProxies -> false ]
[INFO] [2019-09-23 17:34:19][CDtest.test.TestNgJdbc]This is log test
[INFO] [2019-09-23 17:40:55][com.mchange.v2.log.MLog]MLog clients using log4j logging.
[INFO] [2019-09-23 17:40:55][com.mchange.v2.c3p0.C3P0Registry]Initializing c3p0-0.9.1.2 [built 21-May-2007 15:04:56; debug? true; trace: 10]
[INFO] [2019-09-23 17:40:55][CDtest.test.TestNg]测试通过枚举类型引入数据成功
[INFO] [2019-09-23 17:40:55][CDtest.test.TestNg]默认title is abc
[INFO] [2019-09-23 17:40:55][CDtest.test.TestNg]测试通过静态变量引入数据成功
[INFO] [2019-09-23 17:40:55][CDtest.test.TestNg]引入变量后title is abc
[INFO] [2019-09-23 17:41:42][com.mchange.v2.c3p0.impl.AbstractPoolBackedDataSource]Initializing c3p0 pool... com.mchange.v2.c3p0.ComboPooledDataSource [ acquireIncrement -> 3, acquireRetryAttempts -> 30, acquireRetryDelay -> 1000, autoCommitOnClose -> false, automaticTestTable -> null, breakAfterAcquireFailure -> false, checkoutTimeout -> 0, connectionCustomizerClassName -> null, connectionTesterClassName -> com.mchange.v2.c3p0.impl.DefaultConnectionTester, dataSourceName -> 1hge6zna5pxwddg14r4lsf|b56c222, debugUnreturnedConnectionStackTraces -> false, description -> null, driverClass -> com.mysql.jdbc.Driver, factoryClassLocation -> null, forceIgnoreUnresolvedTransactions -> false, identityToken -> 1hge6zna5pxwddg14r4lsf|b56c222, idleConnectionTestPeriod -> 0, initialPoolSize -> 5, jdbcUrl -> jdbc:mysql://rm-bp1710pt8uc479581go.mysql.rds.aliyuncs.com:3306/koala?characterEncoding=utf8&useSSL=true&nullCatalogMeansCurrent=true, maxAdministrativeTaskTime -> 0, maxConnectionAge -> 0, maxIdleTime -> 0, maxIdleTimeExcessConnections -> 0, maxPoolSize -> 10, maxStatements -> 0, maxStatementsPerConnection -> 0, minPoolSize -> 3, numHelperThreads -> 3, numThreadsAwaitingCheckoutDefaultUser -> 0, preferredTestQuery -> null, properties -> {user=******, password=******}, propertyCycle -> 0, testConnectionOnCheckin -> false, testConnectionOnCheckout -> false, unreturnedConnectionTimeout -> 0, usesTraditionalReflectiveProxies -> false ]
[INFO] [2019-09-23 17:41:42][CDtest.test.TestNgJdbc]This is log test
[INFO] [2019-09-23 18:26:25][com.mchange.v2.log.MLog]MLog clients using log4j logging.
[INFO] [2019-09-23 18:26:25][com.mchange.v2.c3p0.C3P0Registry]Initializing c3p0-0.9.1.2 [built 21-May-2007 15:04:56; debug? true; trace: 10]
[INFO] [2019-09-23 18:26:26][CDtest.test.TestNg]测试通过枚举类型引入数据成功
[INFO] [2019-09-23 18:26:26][CDtest.test.TestNg]默认title is abc
[INFO] [2019-09-23 18:26:26][CDtest.test.TestNg]测试通过静态变量引入数据成功
[INFO] [2019-09-23 18:26:26][CDtest.test.TestNg]引入变量后title is abc
[INFO] [2019-09-23 18:27:12][com.mchange.v2.c3p0.impl.AbstractPoolBackedDataSource]Initializing c3p0 pool... com.mchange.v2.c3p0.ComboPooledDataSource [ acquireIncrement -> 3, acquireRetryAttempts -> 30, acquireRetryDelay -> 1000, autoCommitOnClose -> false, automaticTestTable -> null, breakAfterAcquireFailure -> false, checkoutTimeout -> 0, connectionCustomizerClassName -> null, connectionTesterClassName -> com.mchange.v2.c3p0.impl.DefaultConnectionTester, dataSourceName -> 1hge6zna5pzivvn1sho4tj|19d3f6ad, debugUnreturnedConnectionStackTraces -> false, description -> null, driverClass -> com.mysql.jdbc.Driver, factoryClassLocation -> null, forceIgnoreUnresolvedTransactions -> false, identityToken -> 1hge6zna5pzivvn1sho4tj|19d3f6ad, idleConnectionTestPeriod -> 0, initialPoolSize -> 5, jdbcUrl -> jdbc:mysql://rm-bp1710pt8uc479581go.mysql.rds.aliyuncs.com:3306/koala?characterEncoding=utf8&useSSL=true&nullCatalogMeansCurrent=true, maxAdministrativeTaskTime -> 0, maxConnectionAge -> 0, maxIdleTime -> 0, maxIdleTimeExcessConnections -> 0, maxPoolSize -> 10, maxStatements -> 0, maxStatementsPerConnection -> 0, minPoolSize -> 3, numHelperThreads -> 3, numThreadsAwaitingCheckoutDefaultUser -> 0, preferredTestQuery -> null, properties -> {user=******, password=******}, propertyCycle -> 0, testConnectionOnCheckin -> false, testConnectionOnCheckout -> false, unreturnedConnectionTimeout -> 0, usesTraditionalReflectiveProxies -> false ]
[INFO] [2019-09-23 18:27:12][CDtest.test.TestNgJdbc]This is log test
[INFO] [2019-09-25 09:41:01][com.mchange.v2.log.MLog]MLog clients using log4j logging.
[INFO] [2019-09-25 09:41:02][com.mchange.v2.c3p0.C3P0Registry]Initializing c3p0-0.9.1.2 [built 21-May-2007 15:04:56; debug? true; trace: 10]
[INFO] [2019-09-25 09:41:02][CDtest.test.TestNg]默认title is atong,ahua
[INFO] [2019-09-25 09:41:02][CDtest.test.TestNg]测试通过静态变量引入数据成功
[INFO] [2019-09-25 09:41:02][CDtest.test.TestNg]引入变量后title is abc
[INFO] [2019-09-25 09:48:31][com.mchange.v2.log.MLog]MLog clients using log4j logging.
[INFO] [2019-09-25 09:48:31][com.mchange.v2.c3p0.C3P0Registry]Initializing c3p0-0.9.1.2 [built 21-May-2007 15:04:56; debug? true; trace: 10]
[INFO] [2019-09-25 09:48:31][CDtest.test.TestNg]默认title is atong,ahua
[INFO] [2019-09-25 09:48:32][CDtest.test.TestNg]测试通过静态变量引入数据成功
[INFO] [2019-09-25 09:48:32][CDtest.test.TestNg]引入变量后title is abc
[INFO] [2019-09-25 09:49:09][com.mchange.v2.log.MLog]MLog clients using log4j logging.
[INFO] [2019-09-25 09:49:09][com.mchange.v2.c3p0.C3P0Registry]Initializing c3p0-0.9.1.2 [built 21-May-2007 15:04:56; debug? true; trace: 10]
[INFO] [2019-09-25 09:49:10][CDtest.test.TestNg]测试通过枚举类型引入数据成功
[INFO] [2019-09-25 09:49:10][CDtest.test.TestNg]默认title is abc
[INFO] [2019-09-25 09:49:10][CDtest.test.TestNg]测试通过静态变量引入数据成功
[INFO] [2019-09-25 09:49:10][CDtest.test.TestNg]引入变量后title is abc
[INFO] [2019-09-25 09:49:15][com.mchange.v2.c3p0.impl.AbstractPoolBackedDataSource]Initializing c3p0 pool... com.mchange.v2.c3p0.ComboPooledDataSource [ acquireIncrement -> 3, acquireRetryAttempts -> 30, acquireRetryDelay -> 1000, autoCommitOnClose -> false, automaticTestTable -> null, breakAfterAcquireFailure -> false, checkoutTimeout -> 0, connectionCustomizerClassName -> null, connectionTesterClassName -> com.mchange.v2.c3p0.impl.DefaultConnectionTester, dataSourceName -> 1hge6zna5sbxe2g1wgp66d|66716959, debugUnreturnedConnectionStackTraces -> false, description -> null, driverClass -> com.mysql.jdbc.Driver, factoryClassLocation -> null, forceIgnoreUnresolvedTransactions -> false, identityToken -> 1hge6zna5sbxe2g1wgp66d|66716959, idleConnectionTestPeriod -> 0, initialPoolSize -> 5, jdbcUrl -> jdbc:mysql://rm-bp1710pt8uc479581go.mysql.rds.aliyuncs.com:3306/koala?characterEncoding=utf8&useSSL=true&nullCatalogMeansCurrent=true, maxAdministrativeTaskTime -> 0, maxConnectionAge -> 0, maxIdleTime -> 0, maxIdleTimeExcessConnections -> 0, maxPoolSize -> 10, maxStatements -> 0, maxStatementsPerConnection -> 0, minPoolSize -> 3, numHelperThreads -> 3, numThreadsAwaitingCheckoutDefaultUser -> 0, preferredTestQuery -> null, properties -> {user=******, password=******}, propertyCycle -> 0, testConnectionOnCheckin -> false, testConnectionOnCheckout -> false, unreturnedConnectionTimeout -> 0, usesTraditionalReflectiveProxies -> false ]
[INFO] [2019-09-25 09:49:15][CDtest.test.TestNgJdbc]This is log test
[INFO] [2019-09-25 09:53:26][com.mchange.v2.log.MLog]MLog clients using log4j logging.
[INFO] [2019-09-25 09:53:26][com.mchange.v2.c3p0.C3P0Registry]Initializing c3p0-0.9.1.2 [built 21-May-2007 15:04:56; debug? true; trace: 10]
[INFO] [2019-09-25 09:53:27][CDtest.test.TestNg]测试通过枚举类型引入数据成功
[INFO] [2019-09-25 09:53:27][CDtest.test.TestNg]默认title is abc
[INFO] [2019-09-25 09:53:27][CDtest.test.TestNg]测试通过静态变量引入数据成功
[INFO] [2019-09-25 09:53:27][CDtest.test.TestNg]引入变量后title is abc
[INFO] [2019-09-25 09:53:27][com.mchange.v2.c3p0.impl.AbstractPoolBackedDataSource]Initializing c3p0 pool... com.mchange.v2.c3p0.ComboPooledDataSource [ acquireIncrement -> 3, acquireRetryAttempts -> 30, acquireRetryDelay -> 1000, autoCommitOnClose -> false, automaticTestTable -> null, breakAfterAcquireFailure -> false, checkoutTimeout -> 0, connectionCustomizerClassName -> null, connectionTesterClassName -> com.mchange.v2.c3p0.impl.DefaultConnectionTester, dataSourceName -> 1hge6zna5sc2w9i1dwdh28|4d20616a, debugUnreturnedConnectionStackTraces -> false, description -> null, driverClass -> com.mysql.jdbc.Driver, factoryClassLocation -> null, forceIgnoreUnresolvedTransactions -> false, identityToken -> 1hge6zna5sc2w9i1dwdh28|4d20616a, idleConnectionTestPeriod -> 0, initialPoolSize -> 5, jdbcUrl -> jdbc:mysql://rm-bp1710pt8uc479581go.mysql.rds.aliyuncs.com:3306/koala?characterEncoding=utf8&useSSL=true&nullCatalogMeansCurrent=true, maxAdministrativeTaskTime -> 0, maxConnectionAge -> 0, maxIdleTime -> 0, maxIdleTimeExcessConnections -> 0, maxPoolSize -> 10, maxStatements -> 0, maxStatementsPerConnection -> 0, minPoolSize -> 3, numHelperThreads -> 3, numThreadsAwaitingCheckoutDefaultUser -> 0, preferredTestQuery -> null, properties -> {user=******, password=******}, propertyCycle -> 0, testConnectionOnCheckin -> false, testConnectionOnCheckout -> false, unreturnedConnectionTimeout -> 0, usesTraditionalReflectiveProxies -> false ]
[INFO] [2019-09-25 09:53:28][CDtest.test.TestNgJdbc]This is log test
[INFO] [2019-09-25 10:03:13][com.mchange.v2.log.MLog]MLog clients using log4j logging.
[INFO] [2019-09-25 10:03:13][com.mchange.v2.c3p0.C3P0Registry]Initializing c3p0-0.9.1.2 [built 21-May-2007 15:04:56; debug? true; trace: 10]
[INFO] [2019-09-25 10:03:14][CDtest.test.TestNg]测试通过枚举类型引入数据成功
[INFO] [2019-09-25 10:03:14][CDtest.test.TestNg]默认title is abc
[INFO] [2019-09-25 10:03:14][CDtest.test.TestNg]测试通过静态变量引入数据成功
[INFO] [2019-09-25 10:03:14][CDtest.test.TestNg]引入变量后title is abc
[INFO] [2019-09-25 10:03:19][com.mchange.v2.c3p0.impl.AbstractPoolBackedDataSource]Initializing c3p0 pool... com.mchange.v2.c3p0.ComboPooledDataSource [ acquireIncrement -> 3, acquireRetryAttempts -> 30, acquireRetryDelay -> 1000, autoCommitOnClose -> false, automaticTestTable -> null, breakAfterAcquireFailure -> false, checkoutTimeout -> 0, connectionCustomizerClassName -> null, connectionTesterClassName -> com.mchange.v2.c3p0.impl.DefaultConnectionTester, dataSourceName -> 1hge6zna5scfhdd14y5dye|1dcad16f, debugUnreturnedConnectionStackTraces -> false, description -> null, driverClass -> com.mysql.jdbc.Driver, factoryClassLocation -> null, forceIgnoreUnresolvedTransactions -> false, identityToken -> 1hge6zna5scfhdd14y5dye|1dcad16f, idleConnectionTestPeriod -> 0, initialPoolSize -> 5, jdbcUrl -> jdbc:mysql://rm-bp1710pt8uc479581go.mysql.rds.aliyuncs.com:3306/koala?characterEncoding=utf8&useSSL=true&nullCatalogMeansCurrent=true, maxAdministrativeTaskTime -> 0, maxConnectionAge -> 0, maxIdleTime -> 0, maxIdleTimeExcessConnections -> 0, maxPoolSize -> 10, maxStatements -> 0, maxStatementsPerConnection -> 0, minPoolSize -> 3, numHelperThreads -> 3, numThreadsAwaitingCheckoutDefaultUser -> 0, preferredTestQuery -> null, properties -> {user=******, password=******}, propertyCycle -> 0, testConnectionOnCheckin -> false, testConnectionOnCheckout -> false, unreturnedConnectionTimeout -> 0, usesTraditionalReflectiveProxies -> false ]
[INFO] [2019-09-25 10:03:19][CDtest.test.TestNgJdbc]This is log test
[INFO] [2019-09-25 10:04:49][com.mchange.v2.log.MLog]MLog clients using log4j logging.
[INFO] [2019-09-25 10:04:49][com.mchange.v2.c3p0.C3P0Registry]Initializing c3p0-0.9.1.2 [built 21-May-2007 15:04:56; debug? true; trace: 10]
[INFO] [2019-09-25 10:05:28][CDtest.test.TestNg]默认title is atong,ahua
[INFO] [2019-09-25 10:05:53][CDtest.test.TestNg]测试通过静态变量引入数据成功
[INFO] [2019-09-25 10:05:53][CDtest.test.TestNg]引入变量后title is abc
[INFO] [2019-09-25 10:06:49][com.mchange.v2.log.MLog]MLog clients using log4j logging.
[INFO] [2019-09-25 10:06:49][com.mchange.v2.c3p0.C3P0Registry]Initializing c3p0-0.9.1.2 [built 21-May-2007 15:04:56; debug? true; trace: 10]
[INFO] [2019-09-25 10:07:25][CDtest.test.TestNg]默认title is atong,ahua
[INFO] [2019-09-25 10:07:48][CDtest.test.TestNg]测试通过静态变量引入数据成功
[INFO] [2019-09-25 10:07:48][CDtest.test.TestNg]引入变量后title is abc
[INFO] [2019-09-26 11:24:08][com.mchange.v2.log.MLog]MLog clients using log4j logging.
[INFO] [2019-09-26 11:24:08][com.mchange.v2.c3p0.C3P0Registry]Initializing c3p0-0.9.1.2 [built 21-May-2007 15:04:56; debug? true; trace: 10]
[INFO] [2019-09-26 11:24:09][CDtest.test.TestNg]测试通过枚举类型引入数据成功
[INFO] [2019-09-26 11:24:09][CDtest.test.TestNg]默认title is abc
[INFO] [2019-09-26 11:24:09][CDtest.test.TestNg]测试通过静态变量引入数据成功
[INFO] [2019-09-26 11:24:09][CDtest.test.TestNg]引入变量后title is abc
[INFO] [2019-09-26 11:24:10][com.mchange.v2.c3p0.impl.AbstractPoolBackedDataSource]Initializing c3p0 pool... com.mchange.v2.c3p0.ComboPooledDataSource [ acquireIncrement -> 3, acquireRetryAttempts -> 30, acquireRetryDelay -> 1000, autoCommitOnClose -> false, automaticTestTable -> null, breakAfterAcquireFailure -> false, checkoutTimeout -> 0, connectionCustomizerClassName -> null, connectionTesterClassName -> com.mchange.v2.c3p0.impl.DefaultConnectionTester, dataSourceName -> 1hge4xya5ture8hknt21x|42ff9a77, debugUnreturnedConnectionStackTraces -> false, description -> null, driverClass -> com.mysql.jdbc.Driver, factoryClassLocation -> null, forceIgnoreUnresolvedTransactions -> false, identityToken -> 1hge4xya5ture8hknt21x|42ff9a77, idleConnectionTestPeriod -> 0, initialPoolSize -> 5, jdbcUrl -> jdbc:mysql://rm-bp1710pt8uc479581go.mysql.rds.aliyuncs.com:3306/koala?characterEncoding=utf8&useSSL=true&nullCatalogMeansCurrent=true, maxAdministrativeTaskTime -> 0, maxConnectionAge -> 0, maxIdleTime -> 0, maxIdleTimeExcessConnections -> 0, maxPoolSize -> 10, maxStatements -> 0, maxStatementsPerConnection -> 0, minPoolSize -> 3, numHelperThreads -> 3, numThreadsAwaitingCheckoutDefaultUser -> 0, preferredTestQuery -> null, properties -> {user=******, password=******}, propertyCycle -> 0, testConnectionOnCheckin -> false, testConnectionOnCheckout -> false, unreturnedConnectionTimeout -> 0, usesTraditionalReflectiveProxies -> false ]
[INFO] [2019-09-26 11:24:10][CDtest.test.TestNgJdbc]This is log test
[INFO] [2019-09-26 14:48:42][com.mchange.v2.log.MLog]MLog clients using log4j logging.
[INFO] [2019-09-26 14:48:42][com.mchange.v2.c3p0.C3P0Registry]Initializing c3p0-0.9.1.2 [built 21-May-2007 15:04:56; debug? true; trace: 10]
[INFO] [2019-09-26 14:48:43][CDtest.test.TestNg]测试通过枚举类型引入数据成功
[INFO] [2019-09-26 14:48:43][CDtest.test.TestNg]默认title is abc
[INFO] [2019-09-26 14:48:43][CDtest.test.TestNg]测试通过静态变量引入数据成功
[INFO] [2019-09-26 14:48:43][CDtest.test.TestNg]引入变量后title is abc
[INFO] [2019-09-26 14:48:44][com.mchange.v2.c3p0.impl.AbstractPoolBackedDataSource]Initializing c3p0 pool... com.mchange.v2.c3p0.ComboPooledDataSource [ acquireIncrement -> 3, acquireRetryAttempts -> 30, acquireRetryDelay -> 1000, autoCommitOnClose -> false, automaticTestTable -> null, breakAfterAcquireFailure -> false, checkoutTimeout -> 0, connectionCustomizerClassName -> null, connectionTesterClassName -> com.mchange.v2.c3p0.impl.DefaultConnectionTester, dataSourceName -> 1hge4xya5u22h0p1the938|3b3546a3, debugUnreturnedConnectionStackTraces -> false, description -> null, driverClass -> com.mysql.jdbc.Driver, factoryClassLocation -> null, forceIgnoreUnresolvedTransactions -> false, identityToken -> 1hge4xya5u22h0p1the938|3b3546a3, idleConnectionTestPeriod -> 0, initialPoolSize -> 5, jdbcUrl -> jdbc:mysql://rm-bp1710pt8uc479581go.mysql.rds.aliyuncs.com:3306/koala?characterEncoding=utf8&useSSL=true&nullCatalogMeansCurrent=true, maxAdministrativeTaskTime -> 0, maxConnectionAge -> 0, maxIdleTime -> 0, maxIdleTimeExcessConnections -> 0, maxPoolSize -> 10, maxStatements -> 0, maxStatementsPerConnection -> 0, minPoolSize -> 3, numHelperThreads -> 3, numThreadsAwaitingCheckoutDefaultUser -> 0, preferredTestQuery -> null, properties -> {user=******, password=******}, propertyCycle -> 0, testConnectionOnCheckin -> false, testConnectionOnCheckout -> false, unreturnedConnectionTimeout -> 0, usesTraditionalReflectiveProxies -> false ]
[INFO] [2019-09-26 14:48:44][CDtest.test.TestNgJdbc]This is log test
[INFO] [2019-09-27 11:19:59][com.mchange.v2.log.MLog]MLog clients using log4j logging.
[INFO] [2019-09-27 11:19:59][com.mchange.v2.c3p0.C3P0Registry]Initializing c3p0-0.9.1.2 [built 21-May-2007 15:04:56; debug? true; trace: 10]
[INFO] [2019-09-27 11:20:37][CDtest.test.TestNg]默认title is atong,ahua
[INFO] [2019-09-27 11:21:02][CDtest.test.TestNg]测试通过静态变量引入数据成功
[INFO] [2019-09-27 11:21:02][CDtest.test.TestNg]引入变量后title is abc
[INFO] [2019-09-27 11:22:03][com.mchange.v2.log.MLog]MLog clients using log4j logging.
[INFO] [2019-09-27 11:22:03][com.mchange.v2.c3p0.C3P0Registry]Initializing c3p0-0.9.1.2 [built 21-May-2007 15:04:56; debug? true; trace: 10]
[INFO] [2019-09-27 11:22:04][CDtest.test.TestNg]默认title is atong,ahua
[INFO] [2019-09-27 11:22:04][CDtest.test.TestNg]测试通过静态变量引入数据成功
[INFO] [2019-09-27 11:22:04][CDtest.test.TestNg]引入变量后title is abc
[INFO] [2019-09-27 11:23:12][com.mchange.v2.log.MLog]MLog clients using log4j logging.
[INFO] [2019-09-27 11:23:12][com.mchange.v2.c3p0.C3P0Registry]Initializing c3p0-0.9.1.2 [built 21-May-2007 15:04:56; debug? true; trace: 10]
[INFO] [2019-09-27 11:23:12][CDtest.test.TestNg]默认title is atong,ahua
[INFO] [2019-09-27 11:23:13][CDtest.test.TestNg]测试通过静态变量引入数据成功
[INFO] [2019-09-27 11:23:13][CDtest.test.TestNg]引入变量后title is abc
[INFO] [2019-09-27 11:24:36][com.mchange.v2.log.MLog]MLog clients using log4j logging.
[INFO] [2019-09-27 11:24:36][com.mchange.v2.c3p0.C3P0Registry]Initializing c3p0-0.9.1.2 [built 21-May-2007 15:04:56; debug? true; trace: 10]
[INFO] [2019-09-27 11:24:37][CDtest.test.TestNg]默认title is atong,ahua
[INFO] [2019-09-27 11:24:37][CDtest.test.TestNg]测试通过静态变量引入数据成功
[INFO] [2019-09-27 11:24:37][CDtest.test.TestNg]引入变量后title is abc
[INFO] [2019-10-09 16:35:51][com.mchange.v2.log.MLog]MLog clients using log4j logging.
[INFO] [2019-10-09 16:35:51][com.mchange.v2.c3p0.C3P0Registry]Initializing c3p0-0.9.1.2 [built 21-May-2007 15:04:56; debug? true; trace: 10]
[INFO] [2019-10-09 16:35:52][CDtest.test.TestNg]测试通过枚举类型引入数据成功
[INFO] [2019-10-09 16:35:52][CDtest.test.TestNg]默认title is abc
[INFO] [2019-10-09 16:35:52][CDtest.test.TestNg]测试通过静态变量引入数据成功
[INFO] [2019-10-09 16:35:52][CDtest.test.TestNg]引入变量后title is abc
[INFO] [2019-10-09 16:35:53][com.mchange.v2.c3p0.impl.AbstractPoolBackedDataSource]Initializing c3p0 pool... com.mchange.v2.c3p0.ComboPooledDataSource [ acquireIncrement -> 3, acquireRetryAttempts -> 30, acquireRetryDelay -> 1000, autoCommitOnClose -> false, automaticTestTable -> null, breakAfterAcquireFailure -> false, checkoutTimeout -> 0, connectionCustomizerClassName -> null, connectionTesterClassName -> com.mchange.v2.c3p0.impl.DefaultConnectionTester, dataSourceName -> 1hge4xya51cqmc6qfoa6w|14df5253, debugUnreturnedConnectionStackTraces -> false, description -> null, driverClass -> com.mysql.jdbc.Driver, factoryClassLocation -> null, forceIgnoreUnresolvedTransactions -> false, identityToken -> 1hge4xya51cqmc6qfoa6w|14df5253, idleConnectionTestPeriod -> 0, initialPoolSize -> 5, jdbcUrl -> jdbc:mysql://rm-bp1710pt8uc479581go.mysql.rds.aliyuncs.com:3306/koala?characterEncoding=utf8&useSSL=true&nullCatalogMeansCurrent=true, maxAdministrativeTaskTime -> 0, maxConnectionAge -> 0, maxIdleTime -> 0, maxIdleTimeExcessConnections -> 0, maxPoolSize -> 10, maxStatements -> 0, maxStatementsPerConnection -> 0, minPoolSize -> 3, numHelperThreads -> 3, numThreadsAwaitingCheckoutDefaultUser -> 0, preferredTestQuery -> null, properties -> {user=******, password=******}, propertyCycle -> 0, testConnectionOnCheckin -> false, testConnectionOnCheckout -> false, unreturnedConnectionTimeout -> 0, usesTraditionalReflectiveProxies -> false ]
[INFO] [2019-10-09 16:35:53][CDtest.test.TestNgJdbc]This is log test
[INFO] [2019-10-10 11:20:31][com.mchange.v2.log.MLog]MLog clients using log4j logging.
[INFO] [2019-10-10 11:20:31][com.mchange.v2.c3p0.C3P0Registry]Initializing c3p0-0.9.1.2 [built 21-May-2007 15:04:56; debug? true; trace: 10]
[INFO] [2019-10-10 11:20:31][com.mchange.v2.c3p0.impl.AbstractPoolBackedDataSource]Initializing c3p0 pool... com.mchange.v2.c3p0.ComboPooledDataSource [ acquireIncrement -> 3, acquireRetryAttempts -> 30, acquireRetryDelay -> 1000, autoCommitOnClose -> false, automaticTestTable -> null, breakAfterAcquireFailure -> false, checkoutTimeout -> 0, connectionCustomizerClassName -> null, connectionTesterClassName -> com.mchange.v2.c3p0.impl.DefaultConnectionTester, dataSourceName -> 1hge4xya51dusnkij0xx2q|575b5f7d, debugUnreturnedConnectionStackTraces -> false, description -> null, driverClass -> com.mysql.jdbc.Driver, factoryClassLocation -> null, forceIgnoreUnresolvedTransactions -> false, identityToken -> 1hge4xya51dusnkij0xx2q|575b5f7d, idleConnectionTestPeriod -> 0, initialPoolSize -> 5, jdbcUrl -> jdbc:mysql://rm-bp1710pt8uc479581go.mysql.rds.aliyuncs.com:3306/koala?characterEncoding=utf8&useSSL=true&nullCatalogMeansCurrent=true, maxAdministrativeTaskTime -> 0, maxConnectionAge -> 0, maxIdleTime -> 0, maxIdleTimeExcessConnections -> 0, maxPoolSize -> 10, maxStatements -> 0, maxStatementsPerConnection -> 0, minPoolSize -> 3, numHelperThreads -> 3, numThreadsAwaitingCheckoutDefaultUser -> 0, preferredTestQuery -> null, properties -> {user=******, password=******}, propertyCycle -> 0, testConnectionOnCheckin -> false, testConnectionOnCheckout -> false, unreturnedConnectionTimeout -> 0, usesTraditionalReflectiveProxies -> false ]
[INFO] [2019-10-10 11:20:32][CDtest.test.TestNgJdbc]This is log test
[INFO] [2019-10-10 11:23:05][com.mchange.v2.log.MLog]MLog clients using log4j logging.
[INFO] [2019-10-10 11:23:05][com.mchange.v2.c3p0.C3P0Registry]Initializing c3p0-0.9.1.2 [built 21-May-2007 15:04:56; debug? true; trace: 10]
[INFO] [2019-10-10 11:23:06][CDtest.test.TestNg]测试通过枚举类型引入数据成功
[INFO] [2019-10-10 11:23:06][CDtest.test.TestNg]默认title is abc
[INFO] [2019-10-10 11:23:06][CDtest.test.TestNg]测试通过静态变量引入数据成功
[INFO] [2019-10-10 11:23:06][CDtest.test.TestNg]引入变量后title is abc
[INFO] [2019-10-10 11:23:07][com.mchange.v2.c3p0.impl.AbstractPoolBackedDataSource]Initializing c3p0 pool... com.mchange.v2.c3p0.ComboPooledDataSource [ acquireIncrement -> 3, acquireRetryAttempts -> 30, acquireRetryDelay -> 1000, autoCommitOnClose -> false, automaticTestTable -> null, breakAfterAcquireFailure -> false, checkoutTimeout -> 0, connectionCustomizerClassName -> null, connectionTesterClassName -> com.mchange.v2.c3p0.impl.DefaultConnectionTester, dataSourceName -> 1hge4xya51duvyrwcvpij9|3a70575, debugUnreturnedConnectionStackTraces -> false, description -> null, driverClass -> com.mysql.jdbc.Driver, factoryClassLocation -> null, forceIgnoreUnresolvedTransactions -> false, identityToken -> 1hge4xya51duvyrwcvpij9|3a70575, idleConnectionTestPeriod -> 0, initialPoolSize -> 5, jdbcUrl -> jdbc:mysql://rm-bp1710pt8uc479581go.mysql.rds.aliyuncs.com:3306/koala?characterEncoding=utf8&useSSL=true&nullCatalogMeansCurrent=true, maxAdministrativeTaskTime -> 0, maxConnectionAge -> 0, maxIdleTime -> 0, maxIdleTimeExcessConnections -> 0, maxPoolSize -> 10, maxStatements -> 0, maxStatementsPerConnection -> 0, minPoolSize -> 3, numHelperThreads -> 3, numThreadsAwaitingCheckoutDefaultUser -> 0, preferredTestQuery -> null, properties -> {user=******, password=******}, propertyCycle -> 0, testConnectionOnCheckin -> false, testConnectionOnCheckout -> false, unreturnedConnectionTimeout -> 0, usesTraditionalReflectiveProxies -> false ]
[INFO] [2019-10-10 11:23:07][CDtest.test.TestNgJdbc]This is log test
[INFO] [2019-10-10 14:40:01][com.mchange.v2.log.MLog]MLog clients using log4j logging.
[INFO] [2019-10-10 14:40:01][com.mchange.v2.c3p0.C3P0Registry]Initializing c3p0-0.9.1.2 [built 21-May-2007 15:04:56; debug? true; trace: 10]
[INFO] [2019-10-10 14:40:01][com.mchange.v2.c3p0.impl.AbstractPoolBackedDataSource]Initializing c3p0 pool... com.mchange.v2.c3p0.ComboPooledDataSource [ acquireIncrement -> 3, acquireRetryAttempts -> 30, acquireRetryDelay -> 1000, autoCommitOnClose -> false, automaticTestTable -> null, breakAfterAcquireFailure -> false, checkoutTimeout -> 0, connectionCustomizerClassName -> null, connectionTesterClassName -> com.mchange.v2.c3p0.impl.DefaultConnectionTester, dataSourceName -> 1hge6zka51e1x7sm1hjjti9|2eed37f4, debugUnreturnedConnectionStackTraces -> false, description -> null, driverClass -> com.mysql.jdbc.Driver, factoryClassLocation -> null, forceIgnoreUnresolvedTransactions -> false, identityToken -> 1hge6zka51e1x7sm1hjjti9|2eed37f4, idleConnectionTestPeriod -> 0, initialPoolSize -> 5, jdbcUrl -> jdbc:mysql://rm-bp1710pt8uc479581go.mysql.rds.aliyuncs.com:3306/koala?characterEncoding=utf8&useSSL=true&nullCatalogMeansCurrent=true, maxAdministrativeTaskTime -> 0, maxConnectionAge -> 0, maxIdleTime -> 0, maxIdleTimeExcessConnections -> 0, maxPoolSize -> 10, maxStatements -> 0, maxStatementsPerConnection -> 0, minPoolSize -> 3, numHelperThreads -> 3, numThreadsAwaitingCheckoutDefaultUser -> 0, preferredTestQuery -> null, properties -> {user=******, password=******}, propertyCycle -> 0, testConnectionOnCheckin -> false, testConnectionOnCheckout -> false, unreturnedConnectionTimeout -> 0, usesTraditionalReflectiveProxies -> false ]
[INFO] [2019-10-10 14:40:02][CDtest.test.TestNgDbutil]This is log test
[INFO] [2019-10-10 14:48:51][com.mchange.v2.log.MLog]MLog clients using log4j logging.
[INFO] [2019-10-10 14:48:51][com.mchange.v2.c3p0.C3P0Registry]Initializing c3p0-0.9.1.2 [built 21-May-2007 15:04:56; debug? true; trace: 10]
[INFO] [2019-10-10 14:49:45][com.mchange.v2.log.MLog]MLog clients using log4j logging.
[INFO] [2019-10-10 14:49:45][com.mchange.v2.c3p0.C3P0Registry]Initializing c3p0-0.9.1.2 [built 21-May-2007 15:04:56; debug? true; trace: 10]
[INFO] [2019-10-10 14:49:45][CDtest.test.TestNgDbutil]This is log test
[INFO] [2019-10-10 14:50:31][com.mchange.v2.log.MLog]MLog clients using log4j logging.
[INFO] [2019-10-10 14:50:32][com.mchange.v2.c3p0.C3P0Registry]Initializing c3p0-0.9.1.2 [built 21-May-2007 15:04:56; debug? true; trace: 10]
[INFO] [2019-10-10 14:50:32][com.mchange.v2.c3p0.impl.AbstractPoolBackedDataSource]Initializing c3p0 pool... com.mchange.v2.c3p0.ComboPooledDataSource [ acquireIncrement -> 3, acquireRetryAttempts -> 30, acquireRetryDelay -> 1000, autoCommitOnClose -> false, automaticTestTable -> null, breakAfterAcquireFailure -> false, checkoutTimeout -> 0, connectionCustomizerClassName -> null, connectionTesterClassName -> com.mchange.v2.c3p0.impl.DefaultConnectionTester, dataSourceName -> 1hge6zka51e2aqhuodjwc1|254449bb, debugUnreturnedConnectionStackTraces -> false, description -> null, driverClass -> com.mysql.jdbc.Driver, factoryClassLocation -> null, forceIgnoreUnresolvedTransactions -> false, identityToken -> 1hge6zka51e2aqhuodjwc1|254449bb, idleConnectionTestPeriod -> 0, initialPoolSize -> 5, jdbcUrl -> jdbc:mysql://rm-bp1710pt8uc479581go.mysql.rds.aliyuncs.com:3306/koala?characterEncoding=utf8&useSSL=true&nullCatalogMeansCurrent=true, maxAdministrativeTaskTime -> 0, maxConnectionAge -> 0, maxIdleTime -> 0, maxIdleTimeExcessConnections -> 0, maxPoolSize -> 10, maxStatements -> 0, maxStatementsPerConnection -> 0, minPoolSize -> 3, numHelperThreads -> 3, numThreadsAwaitingCheckoutDefaultUser -> 0, preferredTestQuery -> null, properties -> {user=******, password=******}, propertyCycle -> 0, testConnectionOnCheckin -> false, testConnectionOnCheckout -> false, unreturnedConnectionTimeout -> 0, usesTraditionalReflectiveProxies -> false ]
[INFO] [2019-10-10 14:50:32][CDtest.test.TestNgDbutil]This is log test
[INFO] [2019-10-10 15:23:08][com.mchange.v2.log.MLog]MLog clients using log4j logging.
[INFO] [2019-10-10 15:23:09][com.mchange.v2.c3p0.C3P0Registry]Initializing c3p0-0.9.1.2 [built 21-May-2007 15:04:56; debug? true; trace: 10]
[INFO] [2019-10-10 15:23:09][com.mchange.v2.c3p0.impl.AbstractPoolBackedDataSource]Initializing c3p0 pool... com.mchange.v2.c3p0.ComboPooledDataSource [ acquireIncrement -> 3, acquireRetryAttempts -> 30, acquireRetryDelay -> 1000, autoCommitOnClose -> false, automaticTestTable -> null, breakAfterAcquireFailure -> false, checkoutTimeout -> 0, connectionCustomizerClassName -> null, connectionTesterClassName -> com.mchange.v2.c3p0.impl.DefaultConnectionTester, dataSourceName -> 1hge6zka51e3gok4tw8sq1|56f730b2, debugUnreturnedConnectionStackTraces -> false, description -> null, driverClass -> com.mysql.jdbc.Driver, factoryClassLocation -> null, forceIgnoreUnresolvedTransactions -> false, identityToken -> 1hge6zka51e3gok4tw8sq1|56f730b2, idleConnectionTestPeriod -> 0, initialPoolSize -> 5, jdbcUrl -> jdbc:mysql://rm-bp1710pt8uc479581go.mysql.rds.aliyuncs.com:3306/koala?characterEncoding=utf8&useSSL=true&nullCatalogMeansCurrent=true, maxAdministrativeTaskTime -> 0, maxConnectionAge -> 0, maxIdleTime -> 0, maxIdleTimeExcessConnections -> 0, maxPoolSize -> 10, maxStatements -> 0, maxStatementsPerConnection -> 0, minPoolSize -> 3, numHelperThreads -> 3, numThreadsAwaitingCheckoutDefaultUser -> 0, preferredTestQuery -> null, properties -> {user=******, password=******}, propertyCycle -> 0, testConnectionOnCheckin -> false, testConnectionOnCheckout -> false, unreturnedConnectionTimeout -> 0, usesTraditionalReflectiveProxies -> false ]
[INFO] [2019-10-10 15:23:10][CDtest.test.TestNgJdbc]This is log test
[INFO] [2019-10-10 15:24:10][com.mchange.v2.log.MLog]MLog clients using log4j logging.
[INFO] [2019-10-10 15:24:10][com.mchange.v2.c3p0.C3P0Registry]Initializing c3p0-0.9.1.2 [built 21-May-2007 15:04:56; debug? true; trace: 10]
[INFO] [2019-10-10 15:24:11][com.mchange.v2.c3p0.impl.AbstractPoolBackedDataSource]Initializing c3p0 pool... com.mchange.v2.c3p0.ComboPooledDataSource [ acquireIncrement -> 3, acquireRetryAttempts -> 30, acquireRetryDelay -> 1000, autoCommitOnClose -> false, automaticTestTable -> null, breakAfterAcquireFailure -> false, checkoutTimeout -> 0, connectionCustomizerClassName -> null, connectionTesterClassName -> com.mchange.v2.c3p0.impl.DefaultConnectionTester, dataSourceName -> 1hge6zka51e3i0961hwy3eg|1eff3cfb, debugUnreturnedConnectionStackTraces -> false, description -> null, driverClass -> com.mysql.jdbc.Driver, factoryClassLocation -> null, forceIgnoreUnresolvedTransactions -> false, identityToken -> 1hge6zka51e3i0961hwy3eg|1eff3cfb, idleConnectionTestPeriod -> 0, initialPoolSize -> 5, jdbcUrl -> jdbc:mysql://rm-bp1710pt8uc479581go.mysql.rds.aliyuncs.com:3306/koala?characterEncoding=utf8&useSSL=true&nullCatalogMeansCurrent=true, maxAdministrativeTaskTime -> 0, maxConnectionAge -> 0, maxIdleTime -> 0, maxIdleTimeExcessConnections -> 0, maxPoolSize -> 10, maxStatements -> 0, maxStatementsPerConnection -> 0, minPoolSize -> 3, numHelperThreads -> 3, numThreadsAwaitingCheckoutDefaultUser -> 0, preferredTestQuery -> null, properties -> {user=******, password=******}, propertyCycle -> 0, testConnectionOnCheckin -> false, testConnectionOnCheckout -> false, unreturnedConnectionTimeout -> 0, usesTraditionalReflectiveProxies -> false ]
[INFO] [2019-10-10 15:24:11][CDtest.test.TestNgDbutil]This is log test
[INFO] [2019-10-10 15:37:56][com.mchange.v2.log.MLog]MLog clients using log4j logging.
[INFO] [2019-10-10 15:37:56][com.mchange.v2.c3p0.C3P0Registry]Initializing c3p0-0.9.1.2 [built 21-May-2007 15:04:56; debug? true; trace: 10]
[INFO] [2019-10-10 15:37:57][com.mchange.v2.c3p0.impl.AbstractPoolBackedDataSource]Initializing c3p0 pool... com.mchange.v2.c3p0.ComboPooledDataSource [ acquireIncrement -> 3, acquireRetryAttempts -> 30, acquireRetryDelay -> 1000, autoCommitOnClose -> false, automaticTestTable -> null, breakAfterAcquireFailure -> false, checkoutTimeout -> 0, connectionCustomizerClassName -> null, connectionTesterClassName -> com.mchange.v2.c3p0.impl.DefaultConnectionTester, dataSourceName -> 1hge6zka51e3zpnnhbvklg|62b93086, debugUnreturnedConnectionStackTraces -> false, description -> null, driverClass -> com.mysql.jdbc.Driver, factoryClassLocation -> null, forceIgnoreUnresolvedTransactions -> false, identityToken -> 1hge6zka51e3zpnnhbvklg|62b93086, idleConnectionTestPeriod -> 0, initialPoolSize -> 5, jdbcUrl -> jdbc:mysql://rm-bp1710pt8uc479581go.mysql.rds.aliyuncs.com:3306/koala?characterEncoding=utf8&useSSL=true&nullCatalogMeansCurrent=true, maxAdministrativeTaskTime -> 0, maxConnectionAge -> 0, maxIdleTime -> 0, maxIdleTimeExcessConnections -> 0, maxPoolSize -> 10, maxStatements -> 0, maxStatementsPerConnection -> 0, minPoolSize -> 3, numHelperThreads -> 3, numThreadsAwaitingCheckoutDefaultUser -> 0, preferredTestQuery -> null, properties -> {user=******, password=******}, propertyCycle -> 0, testConnectionOnCheckin -> false, testConnectionOnCheckout -> false, unreturnedConnectionTimeout -> 0, usesTraditionalReflectiveProxies -> false ]
[INFO] [2019-10-10 15:42:57][com.mchange.v2.log.MLog]MLog clients using log4j logging.
[INFO] [2019-10-10 15:42:57][com.mchange.v2.c3p0.C3P0Registry]Initializing c3p0-0.9.1.2 [built 21-May-2007 15:04:56; debug? true; trace: 10]
[INFO] [2019-10-10 15:42:57][com.mchange.v2.c3p0.impl.AbstractPoolBackedDataSource]Initializing c3p0 pool... com.mchange.v2.c3p0.ComboPooledDataSource [ acquireIncrement -> 3, acquireRetryAttempts -> 30, acquireRetryDelay -> 1000, autoCommitOnClose -> false, automaticTestTable -> null, breakAfterAcquireFailure -> false, checkoutTimeout -> 0, connectionCustomizerClassName -> null, connectionTesterClassName -> com.mchange.v2.c3p0.impl.DefaultConnectionTester, dataSourceName -> 1hge6zka51e465mdia8f07|48e8c32a, debugUnreturnedConnectionStackTraces -> false, description -> null, driverClass -> com.mysql.jdbc.Driver, factoryClassLocation -> null, forceIgnoreUnresolvedTransactions -> false, identityToken -> 1hge6zka51e465mdia8f07|48e8c32a, idleConnectionTestPeriod -> 0, initialPoolSize -> 5, jdbcUrl -> jdbc:mysql://rm-bp1710pt8uc479581go.mysql.rds.aliyuncs.com:3306/koala?characterEncoding=utf8&useSSL=true&nullCatalogMeansCurrent=true, maxAdministrativeTaskTime -> 0, maxConnectionAge -> 0, maxIdleTime -> 0, maxIdleTimeExcessConnections -> 0, maxPoolSize -> 10, maxStatements -> 0, maxStatementsPerConnection -> 0, minPoolSize -> 3, numHelperThreads -> 3, numThreadsAwaitingCheckoutDefaultUser -> 0, preferredTestQuery -> null, properties -> {user=******, password=******}, propertyCycle -> 0, testConnectionOnCheckin -> false, testConnectionOnCheckout -> false, unreturnedConnectionTimeout -> 0, usesTraditionalReflectiveProxies -> false ]
[INFO] [2019-10-10 15:44:38][com.mchange.v2.log.MLog]MLog clients using log4j logging.
[INFO] [2019-10-10 15:44:38][com.mchange.v2.c3p0.C3P0Registry]Initializing c3p0-0.9.1.2 [built 21-May-2007 15:04:56; debug? true; trace: 10]
[INFO] [2019-10-10 15:44:38][com.mchange.v2.c3p0.impl.AbstractPoolBackedDataSource]Initializing c3p0 pool... com.mchange.v2.c3p0.ComboPooledDataSource [ acquireIncrement -> 3, acquireRetryAttempts -> 30, acquireRetryDelay -> 1000, autoCommitOnClose -> false, automaticTestTable -> null, breakAfterAcquireFailure -> false, checkoutTimeout -> 0, connectionCustomizerClassName -> null, connectionTesterClassName -> com.mchange.v2.c3p0.impl.DefaultConnectionTester, dataSourceName -> 1hge6zka51e48bbqgh7kvf|3e0fbeb5, debugUnreturnedConnectionStackTraces -> false, description -> null, driverClass -> com.mysql.jdbc.Driver, factoryClassLocation -> null, forceIgnoreUnresolvedTransactions -> false, identityToken -> 1hge6zka51e48bbqgh7kvf|3e0fbeb5, idleConnectionTestPeriod -> 0, initialPoolSize -> 5, jdbcUrl -> jdbc:mysql://rm-bp1710pt8uc479581go.mysql.rds.aliyuncs.com:3306/koala?characterEncoding=utf8&useSSL=true&nullCatalogMeansCurrent=true, maxAdministrativeTaskTime -> 0, maxConnectionAge -> 0, maxIdleTime -> 0, maxIdleTimeExcessConnections -> 0, maxPoolSize -> 10, maxStatements -> 0, maxStatementsPerConnection -> 0, minPoolSize -> 3, numHelperThreads -> 3, numThreadsAwaitingCheckoutDefaultUser -> 0, preferredTestQuery -> null, properties -> {user=******, password=******}, propertyCycle -> 0, testConnectionOnCheckin -> false, testConnectionOnCheckout -> false, unreturnedConnectionTimeout -> 0, usesTraditionalReflectiveProxies -> false ]
[INFO] [2019-10-10 15:44:55][com.mchange.v2.log.MLog]MLog clients using log4j logging.
[INFO] [2019-10-10 15:44:55][com.mchange.v2.c3p0.C3P0Registry]Initializing c3p0-0.9.1.2 [built 21-May-2007 15:04:56; debug? true; trace: 10]
[INFO] [2019-10-10 15:44:55][com.mchange.v2.c3p0.impl.AbstractPoolBackedDataSource]Initializing c3p0 pool... com.mchange.v2.c3p0.ComboPooledDataSource [ acquireIncrement -> 3, acquireRetryAttempts -> 30, acquireRetryDelay -> 1000, autoCommitOnClose -> false, automaticTestTable -> null, breakAfterAcquireFailure -> false, checkoutTimeout -> 0, connectionCustomizerClassName -> null, connectionTesterClassName -> com.mchange.v2.c3p0.impl.DefaultConnectionTester, dataSourceName -> 1hge6zka51e48ony1n3tmsf|1eff3cfb, debugUnreturnedConnectionStackTraces -> false, description -> null, driverClass -> com.mysql.jdbc.Driver, factoryClassLocation -> null, forceIgnoreUnresolvedTransactions -> false, identityToken -> 1hge6zka51e48ony1n3tmsf|1eff3cfb, idleConnectionTestPeriod -> 0, initialPoolSize -> 5, jdbcUrl -> jdbc:mysql://rm-bp1710pt8uc479581go.mysql.rds.aliyuncs.com:3306/koala?characterEncoding=utf8&useSSL=true&nullCatalogMeansCurrent=true, maxAdministrativeTaskTime -> 0, maxConnectionAge -> 0, maxIdleTime -> 0, maxIdleTimeExcessConnections -> 0, maxPoolSize -> 10, maxStatements -> 0, maxStatementsPerConnection -> 0, minPoolSize -> 3, numHelperThreads -> 3, numThreadsAwaitingCheckoutDefaultUser -> 0, preferredTestQuery -> null, properties -> {user=******, password=******}, propertyCycle -> 0, testConnectionOnCheckin -> false, testConnectionOnCheckout -> false, unreturnedConnectionTimeout -> 0, usesTraditionalReflectiveProxies -> false ]
[INFO] [2019-10-10 15:45:27][com.mchange.v2.log.MLog]MLog clients using log4j logging.
[INFO] [2019-10-10 15:45:27][com.mchange.v2.c3p0.C3P0Registry]Initializing c3p0-0.9.1.2 [built 21-May-2007 15:04:56; debug? true; trace: 10]
[INFO] [2019-10-10 15:45:28][com.mchange.v2.c3p0.impl.AbstractPoolBackedDataSource]Initializing c3p0 pool... com.mchange.v2.c3p0.ComboPooledDataSource [ acquireIncrement -> 3, acquireRetryAttempts -> 30, acquireRetryDelay -> 1000, autoCommitOnClose -> false, automaticTestTable -> null, breakAfterAcquireFailure -> false, checkoutTimeout -> 0, connectionCustomizerClassName -> null, connectionTesterClassName -> com.mchange.v2.c3p0.impl.DefaultConnectionTester, dataSourceName -> 1hge6zka51e49diyheohpi|6dc1dc69, debugUnreturnedConnectionStackTraces -> false, description -> null, driverClass -> com.mysql.jdbc.Driver, factoryClassLocation -> null, forceIgnoreUnresolvedTransactions -> false, identityToken -> 1hge6zka51e49diyheohpi|6dc1dc69, idleConnectionTestPeriod -> 0, initialPoolSize -> 5, jdbcUrl -> jdbc:mysql://rm-bp1710pt8uc479581go.mysql.rds.aliyuncs.com:3306/koala?characterEncoding=utf8&useSSL=true&nullCatalogMeansCurrent=true, maxAdministrativeTaskTime -> 0, maxConnectionAge -> 0, maxIdleTime -> 0, maxIdleTimeExcessConnections -> 0, maxPoolSize -> 10, maxStatements -> 0, maxStatementsPerConnection -> 0, minPoolSize -> 3, numHelperThreads -> 3, numThreadsAwaitingCheckoutDefaultUser -> 0, preferredTestQuery -> null, properties -> {user=******, password=******}, propertyCycle -> 0, testConnectionOnCheckin -> false, testConnectionOnCheckout -> false, unreturnedConnectionTimeout -> 0, usesTraditionalReflectiveProxies -> false ]
[INFO] [2019-10-10 15:49:28][com.mchange.v2.log.MLog]MLog clients using log4j logging.
[INFO] [2019-10-10 15:49:28][com.mchange.v2.c3p0.C3P0Registry]Initializing c3p0-0.9.1.2 [built 21-May-2007 15:04:56; debug? true; trace: 10]
[INFO] [2019-10-10 15:49:29][com.mchange.v2.c3p0.impl.AbstractPoolBackedDataSource]Initializing c3p0 pool... com.mchange.v2.c3p0.ComboPooledDataSource [ acquireIncrement -> 3, acquireRetryAttempts -> 30, acquireRetryDelay -> 1000, autoCommitOnClose -> false, automaticTestTable -> null, breakAfterAcquireFailure -> false, checkoutTimeout -> 0, connectionCustomizerClassName -> null, connectionTesterClassName -> com.mchange.v2.c3p0.impl.DefaultConnectionTester, dataSourceName -> 1hge6zka51e4ejke1n1djqa|41b13f3d, debugUnreturnedConnectionStackTraces -> false, description -> null, driverClass -> com.mysql.jdbc.Driver, factoryClassLocation -> null, forceIgnoreUnresolvedTransactions -> false, identityToken -> 1hge6zka51e4ejke1n1djqa|41b13f3d, idleConnectionTestPeriod -> 0, initialPoolSize -> 5, jdbcUrl -> jdbc:mysql://rm-bp1710pt8uc479581go.mysql.rds.aliyuncs.com:3306/koala?characterEncoding=utf8&useSSL=true&nullCatalogMeansCurrent=true, maxAdministrativeTaskTime -> 0, maxConnectionAge -> 0, maxIdleTime -> 0, maxIdleTimeExcessConnections -> 0, maxPoolSize -> 10, maxStatements -> 0, maxStatementsPerConnection -> 0, minPoolSize -> 3, numHelperThreads -> 3, numThreadsAwaitingCheckoutDefaultUser -> 0, preferredTestQuery -> null, properties -> {user=******, password=******}, propertyCycle -> 0, testConnectionOnCheckin -> false, testConnectionOnCheckout -> false, unreturnedConnectionTimeout -> 0, usesTraditionalReflectiveProxies -> false ]
[INFO] [2019-10-10 15:50:33][com.mchange.v2.log.MLog]MLog clients using log4j logging.
[INFO] [2019-10-10 15:50:33][com.mchange.v2.c3p0.C3P0Registry]Initializing c3p0-0.9.1.2 [built 21-May-2007 15:04:56; debug? true; trace: 10]
[INFO] [2019-10-10 15:50:33][com.mchange.v2.c3p0.impl.AbstractPoolBackedDataSource]Initializing c3p0 pool... com.mchange.v2.c3p0.ComboPooledDataSource [ acquireIncrement -> 3, acquireRetryAttempts -> 30, acquireRetryDelay -> 1000, autoCommitOnClose -> false, automaticTestTable -> null, breakAfterAcquireFailure -> false, checkoutTimeout -> 0, connectionCustomizerClassName -> null, connectionTesterClassName -> com.mchange.v2.c3p0.impl.DefaultConnectionTester, dataSourceName -> 1hge6zka51e4fxc9gshxf3|2fd954f, debugUnreturnedConnectionStackTraces -> false, description -> null, driverClass -> com.mysql.jdbc.Driver, factoryClassLocation -> null, forceIgnoreUnresolvedTransactions -> false, identityToken -> 1hge6zka51e4fxc9gshxf3|2fd954f, idleConnectionTestPeriod -> 0, initialPoolSize -> 5, jdbcUrl -> jdbc:mysql://rm-bp1710pt8uc479581go.mysql.rds.aliyuncs.com:3306/koala?characterEncoding=utf8&useSSL=true&nullCatalogMeansCurrent=true, maxAdministrativeTaskTime -> 0, maxConnectionAge -> 0, maxIdleTime -> 0, maxIdleTimeExcessConnections -> 0, maxPoolSize -> 10, maxStatements -> 0, maxStatementsPerConnection -> 0, minPoolSize -> 3, numHelperThreads -> 3, numThreadsAwaitingCheckoutDefaultUser -> 0, preferredTestQuery -> null, properties -> {user=******, password=******}, propertyCycle -> 0, testConnectionOnCheckin -> false, testConnectionOnCheckout -> false, unreturnedConnectionTimeout -> 0, usesTraditionalReflectiveProxies -> false ]
